This file contains any messages produced by compilers while
running configure, to aid debugging if configure makes a mistake.

It was created by configure, which was
generated by GNU Autoconf 2.64.  Invocation command line was

  $ ./configure --disable-option-checking --prefix=/usr/local --program-transform-name=s,y,y, --build=x86_64-pc-linux-gnu --host=x86_64-pc-linux-gnu --target=x86_64-pc-linux-gnu build_alias=x86_64-pc-linux-gnu host_alias=x86_64-pc-linux-gnu target_alias=x86_64-pc-linux-gnu CC=gcc CFLAGS=-g -O2 LDFLAGS=-static-libstdc++ -static-libgcc  CXX=g++ CXXFLAGS=-g -O2 MAKEINFO=/mnt/c/Users/rguix/Desktop/GameEDA/gdb-7.11/missing makeinfo --split-size=5000000 YACC=/mnt/c/Users/rguix/Desktop/GameEDA/gdb-7.11/missing bison -y --cache-file=.././config.cache --srcdir=.

## --------- ##
## Platform. ##
## --------- ##

hostname = LAPTOP-U4H62QNT
uname -m = x86_64
uname -r = 4.4.0-19041-Microsoft
uname -s = Linux
uname -v = #488-Microsoft Mon Sep 01 13:43:00 PST 2020

/usr/bin/uname -p = x86_64
/bin/uname -X     = unknown

/bin/arch              = x86_64
/usr/bin/arch -k       = unknown
/usr/convex/getsysinfo = unknown
/usr/bin/hostinfo      = unknown
/bin/machine           = unknown
/usr/bin/oslevel       = unknown
/bin/universe          = unknown

PATH: /usr/local/sbin
PATH: /usr/local/bin
PATH: /usr/sbin
PATH: /usr/bin
PATH: /sbin
PATH: /bin
PATH: /usr/games
PATH: /usr/local/games
PATH: /mnt/c/Program Files (x86)/Intel/iCLS Client/
PATH: /mnt/c/Program Files/Intel/iCLS Client/
PATH: /mnt/c/windows/system32
PATH: /mnt/c/windows
PATH: /mnt/c/windows/System32/Wbem
PATH: /mnt/c/windows/System32/WindowsPowerShell/v1.0/
PATH: /mnt/c/Program Files (x86)/Intel/Intel(R) Management Engine Components/DAL
PATH: /mnt/c/Program Files/Intel/Intel(R) Management Engine Components/DAL
PATH: /mnt/c/Program Files (x86)/Intel/Intel(R) Management Engine Components/IPT
PATH: /mnt/c/Program Files/Intel/Intel(R) Management Engine Components/IPT
PATH: /mnt/c/Program Files (x86)/NVIDIA Corporation/PhysX/Common
PATH: /mnt/c/Program Files/Intel/WiFi/bin/
PATH: /mnt/c/Program Files/Common Files/Intel/WirelessCommon/
PATH: /mnt/c/WINDOWS/system32
PATH: /mnt/c/WINDOWS
PATH: /mnt/c/WINDOWS/System32/Wbem
PATH: /mnt/c/WINDOWS/System32/WindowsPowerShell/v1.0/
PATH: /mnt/c/WINDOWS/System32/OpenSSH/
PATH: /mnt/c/Program Files/Microchip/xc8/v2.30/bin
PATH: /mnt/c/Users/rguix/AppData/Local/Microsoft/WindowsApps
PATH: /mnt/c/Users/rguix/spicetify-cli
PATH: /mnt/c/Users/rguix/AppData/Local/Programs/Microsoft VS Code/bin
PATH: /mnt/c/Program Files/mingw-w64/x86_64-8.1.0-posix-seh-rt_v6-rev0
PATH: /mnt/c/Program Files/mingw-w64/x86_64-8.1.0-posix-seh-rt_v6-rev0/bin/g++.exe
PATH: /mnt/c/MinGW/bin
PATH: /snap/bin


## ----------- ##
## Core tests. ##
## ----------- ##

configure:2487: loading cache .././config.cache
configure:2575: checking whether to enable maintainer-specific portions of Makefiles
configure:2584: result: no
configure:2606: checking for x86_64-pc-linux-gnu-gcc
configure:2633: result: gcc
configure:2902: checking for C compiler version
configure:2911: gcc --version >&5
gcc (Ubuntu 9.3.0-10ubuntu2) 9.3.0
Copyright (C) 2019 Free Software Foundation, Inc.
This is free software; see the source for copying conditions.  There is NO
warranty; not even for MERCHANTABILITY or FITNESS FOR A PARTICULAR PURPOSE.

configure:2922: $? = 0
configure:2911: gcc -v >&5
Using built-in specs.
COLLECT_GCC=gcc
COLLECT_LTO_WRAPPER=/usr/lib/gcc/x86_64-linux-gnu/9/lto-wrapper
OFFLOAD_TARGET_NAMES=nvptx-none:hsa
OFFLOAD_TARGET_DEFAULT=1
Target: x86_64-linux-gnu
Configured with: ../src/configure -v --with-pkgversion='Ubuntu 9.3.0-10ubuntu2' --with-bugurl=file:///usr/share/doc/gcc-9/README.Bugs --enable-languages=c,ada,c++,go,brig,d,fortran,objc,obj-c++,gm2 --prefix=/usr --with-gcc-major-version-only --program-suffix=-9 --program-prefix=x86_64-linux-gnu- --enable-shared --enable-linker-build-id --libexecdir=/usr/lib --without-included-gettext --enable-threads=posix --libdir=/usr/lib --enable-nls --enable-clocale=gnu --enable-libstdcxx-debug --enable-libstdcxx-time=yes --with-default-libstdcxx-abi=new --enable-gnu-unique-object --disable-vtable-verify --enable-plugin --enable-default-pie --with-system-zlib --with-target-system-zlib=auto --enable-objc-gc=auto --enable-multiarch --disable-werror --with-arch-32=i686 --with-abi=m64 --with-multilib-list=m32,m64,mx32 --enable-multilib --with-tune=generic --enable-offload-targets=nvptx-none,hsa --without-cuda-driver --enable-checking=release --build=x86_64-linux-gnu --host=x86_64-linux-gnu --target=x86_64-linux-gnu
Thread model: posix
gcc version 9.3.0 (Ubuntu 9.3.0-10ubuntu2) 
configure:2922: $? = 0
configure:2911: gcc -V >&5
gcc: error: unrecognized command line option '-V'
gcc: fatal error: no input files
compilation terminated.
configure:2922: $? = 1
configure:2911: gcc -qversion >&5
gcc: error: unrecognized command line option '-qversion'; did you mean '--version'?
gcc: fatal error: no input files
compilation terminated.
configure:2922: $? = 1
configure:2942: checking for C compiler default output file name
configure:2964: gcc -g -O2  -static-libstdc++ -static-libgcc  conftest.c  >&5
configure:2968: $? = 0
configure:3005: result: a.out
configure:3021: checking whether the C compiler works
configure:3030: ./a.out
configure:3034: $? = 0
configure:3049: result: yes
configure:3056: checking whether we are cross compiling
configure:3058: result: no
configure:3061: checking for suffix of executables
configure:3068: gcc -o conftest -g -O2  -static-libstdc++ -static-libgcc  conftest.c  >&5
configure:3072: $? = 0
configure:3094: result: 
configure:3100: checking for suffix of object files
configure:3147: result: o
configure:3151: checking whether we are using the GNU C compiler
configure:3179: result: yes
configure:3188: checking whether gcc accepts -g
configure:3249: result: yes
configure:3266: checking for gcc option to accept ISO C89
configure:3343: result: none needed
configure:3475: checking for C++ compiler version
configure:3484: g++ --version >&5
g++ (Ubuntu 9.3.0-10ubuntu2) 9.3.0
Copyright (C) 2019 Free Software Foundation, Inc.
This is free software; see the source for copying conditions.  There is NO
warranty; not even for MERCHANTABILITY or FITNESS FOR A PARTICULAR PURPOSE.

configure:3495: $? = 0
configure:3484: g++ -v >&5
Using built-in specs.
COLLECT_GCC=g++
COLLECT_LTO_WRAPPER=/usr/lib/gcc/x86_64-linux-gnu/9/lto-wrapper
OFFLOAD_TARGET_NAMES=nvptx-none:hsa
OFFLOAD_TARGET_DEFAULT=1
Target: x86_64-linux-gnu
Configured with: ../src/configure -v --with-pkgversion='Ubuntu 9.3.0-10ubuntu2' --with-bugurl=file:///usr/share/doc/gcc-9/README.Bugs --enable-languages=c,ada,c++,go,brig,d,fortran,objc,obj-c++,gm2 --prefix=/usr --with-gcc-major-version-only --program-suffix=-9 --program-prefix=x86_64-linux-gnu- --enable-shared --enable-linker-build-id --libexecdir=/usr/lib --without-included-gettext --enable-threads=posix --libdir=/usr/lib --enable-nls --enable-clocale=gnu --enable-libstdcxx-debug --enable-libstdcxx-time=yes --with-default-libstdcxx-abi=new --enable-gnu-unique-object --disable-vtable-verify --enable-plugin --enable-default-pie --with-system-zlib --with-target-system-zlib=auto --enable-objc-gc=auto --enable-multiarch --disable-werror --with-arch-32=i686 --with-abi=m64 --with-multilib-list=m32,m64,mx32 --enable-multilib --with-tune=generic --enable-offload-targets=nvptx-none,hsa --without-cuda-driver --enable-checking=release --build=x86_64-linux-gnu --host=x86_64-linux-gnu --target=x86_64-linux-gnu
Thread model: posix
gcc version 9.3.0 (Ubuntu 9.3.0-10ubuntu2) 
configure:3495: $? = 0
configure:3484: g++ -V >&5
g++: error: unrecognized command line option '-V'
g++: fatal error: no input files
compilation terminated.
configure:3495: $? = 1
configure:3484: g++ -qversion >&5
g++: error: unrecognized command line option '-qversion'; did you mean '--version'?
g++: fatal error: no input files
compilation terminated.
configure:3495: $? = 1
configure:3499: checking whether we are using the GNU C++ compiler
configure:3527: result: yes
configure:3536: checking whether g++ accepts -g
configure:3597: result: yes
configure:3626: checking how to run the C preprocessor
configure:3696: result: gcc -E
configure:3716: gcc -E  conftest.c
configure:3716: $? = 0
configure:3730: gcc -E  conftest.c
conftest.c:9:10: fatal error: ac_nonexistent.h: No such file or directory
    9 | #include <ac_nonexistent.h>
      |          ^~~~~~~~~~~~~~~~~~
compilation terminated.
configure:3730: $? = 1
configure: failed program was:
| /* confdefs.h */
| #define PACKAGE_NAME ""
| #define PACKAGE_TARNAME ""
| #define PACKAGE_VERSION ""
| #define PACKAGE_STRING ""
| #define PACKAGE_BUGREPORT ""
| #define PACKAGE_URL ""
| /* end confdefs.h.  */
| #include <ac_nonexistent.h>
configure:3759: checking for grep that handles long lines and -e
configure:3817: result: /usr/bin/grep
configure:3822: checking for egrep
configure:3884: result: /usr/bin/grep -E
configure:3889: checking for ANSI C header files
configure:3993: result: yes
configure:4006: checking for sys/types.h
configure:4006: result: yes
configure:4006: checking for sys/stat.h
configure:4006: result: yes
configure:4006: checking for stdlib.h
configure:4006: result: yes
configure:4006: checking for string.h
configure:4006: result: yes
configure:4006: checking for memory.h
configure:4006: result: yes
configure:4006: checking for strings.h
configure:4006: result: yes
configure:4006: checking for inttypes.h
configure:4006: result: yes
configure:4006: checking for stdint.h
configure:4006: result: yes
configure:4006: checking for unistd.h
configure:4006: result: yes
configure:4020: checking for minix/config.h
configure:4020: result: no
configure:4041: checking whether it is safe to define __EXTENSIONS__
configure:4066: result: yes
configure:4088: checking for special C compiler options needed for large files
configure:4133: result: no
configure:4139: checking for _FILE_OFFSET_BITS value needed for large files
configure:4196: result: no
configure:4307: checking build system type
configure:4321: result: x86_64-pc-linux-gnu
configure:4341: checking host system type
configure:4354: result: x86_64-pc-linux-gnu
configure:4374: checking target system type
configure:4387: result: x86_64-pc-linux-gnu
configure:4429: checking for a BSD-compatible install
configure:4497: result: /usr/bin/install -c
configure:4511: checking for x86_64-pc-linux-gnu-ar
configure:4538: result: ar
configure:4603: checking for x86_64-pc-linux-gnu-ranlib
configure:4630: result: ranlib
configure:4704: checking for ANSI C header files
configure:4808: result: yes
configure:4949: checking dependency style of gcc
configure:5034: result: gcc3
configure:5048: checking for make
configure:5075: result: make
configure:5100: checking whether make sets $(MAKE)
configure:5122: result: yes
configure:5209: === configuring in build-gnulib-gdbserver (/mnt/c/Users/rguix/Desktop/GameEDA/gdb-7.11/gdb/gdbserver/build-gnulib-gdbserver)
configure:5236: running /bin/bash .././../gnulib/configure --disable-option-checking '--prefix=/usr/local'  '--program-transform-name=s,y,y,' '--build=x86_64-pc-linux-gnu' '--host=x86_64-pc-linux-gnu' '--target=x86_64-pc-linux-gnu' 'build_alias=x86_64-pc-linux-gnu' 'host_alias=x86_64-pc-linux-gnu' 'target_alias=x86_64-pc-linux-gnu' 'CC=gcc' 'CFLAGS=-g -O2' 'LDFLAGS=-static-libstdc++ -static-libgcc ' 'CXX=g++' 'CXXFLAGS=-g -O2' 'MAKEINFO=/mnt/c/Users/rguix/Desktop/GameEDA/gdb-7.11/missing makeinfo --split-size=5000000' 'YACC=/mnt/c/Users/rguix/Desktop/GameEDA/gdb-7.11/missing bison -y' --cache-file=.././config.cache --srcdir=.././../gnulib
configure:5312: === configuring in build-libiberty-gdbserver (/mnt/c/Users/rguix/Desktop/GameEDA/gdb-7.11/gdb/gdbserver/build-libiberty-gdbserver)
configure:5339: running /bin/bash .././../../libiberty/configure --disable-option-checking '--prefix=/usr/local'  '--program-transform-name=s,y,y,' '--build=x86_64-pc-linux-gnu' '--host=x86_64-pc-linux-gnu' '--target=x86_64-pc-linux-gnu' 'build_alias=x86_64-pc-linux-gnu' 'host_alias=x86_64-pc-linux-gnu' 'target_alias=x86_64-pc-linux-gnu' 'CC=gcc' 'CFLAGS=-g -O2' 'LDFLAGS=-static-libstdc++ -static-libgcc ' 'CXX=g++' 'CXXFLAGS=-g -O2' 'MAKEINFO=/mnt/c/Users/rguix/Desktop/GameEDA/gdb-7.11/missing makeinfo --split-size=5000000' 'YACC=/mnt/c/Users/rguix/Desktop/GameEDA/gdb-7.11/missing bison -y' --cache-file=.././config.cache --srcdir=.././../../libiberty
configure:5352: checking for sgtty.h
configure:5352: result: yes
configure:5352: checking for termio.h
configure:5352: result: yes
configure:5352: checking for termios.h
configure:5352: result: yes
configure:5352: checking for sys/reg.h
configure:5352: result: yes
configure:5352: checking for string.h
configure:5352: result: yes
configure:5352: checking for proc_service.h
configure:5352: result: yes
configure:5352: checking for sys/procfs.h
configure:5352: result: yes
configure:5352: checking linux/elf.h usability
configure:5352: gcc -c -g -O2  conftest.c >&5
configure:5352: $? = 0
configure:5352: result: yes
configure:5352: checking linux/elf.h presence
configure:5352: gcc -E  conftest.c
configure:5352: $? = 0
configure:5352: result: yes
configure:5352: checking for linux/elf.h
configure:5352: result: yes
configure:5352: checking fcntl.h usability
configure:5352: gcc -c -g -O2  conftest.c >&5
configure:5352: $? = 0
configure:5352: result: yes
configure:5352: checking fcntl.h presence
configure:5352: gcc -E  conftest.c
configure:5352: $? = 0
configure:5352: result: yes
configure:5352: checking for fcntl.h
configure:5352: result: yes
configure:5352: checking for signal.h
configure:5352: result: yes
configure:5352: checking for sys/file.h
configure:5352: result: yes
configure:5352: checking for sys/ioctl.h
configure:5352: result: yes
configure:5352: checking netinet/in.h usability
configure:5352: gcc -c -g -O2  conftest.c >&5
configure:5352: $? = 0
configure:5352: result: yes
configure:5352: checking netinet/in.h presence
configure:5352: gcc -E  conftest.c
configure:5352: $? = 0
configure:5352: result: yes
configure:5352: checking for netinet/in.h
configure:5352: result: yes
configure:5352: checking for sys/socket.h
configure:5352: result: yes
configure:5352: checking netdb.h usability
configure:5352: gcc -c -g -O2  conftest.c >&5
configure:5352: $? = 0
configure:5352: result: yes
configure:5352: checking netdb.h presence
configure:5352: gcc -E  conftest.c
configure:5352: $? = 0
configure:5352: result: yes
configure:5352: checking for netdb.h
configure:5352: result: yes
configure:5352: checking netinet/tcp.h usability
configure:5352: gcc -c -g -O2  conftest.c >&5
configure:5352: $? = 0
configure:5352: result: yes
configure:5352: checking netinet/tcp.h presence
configure:5352: gcc -E  conftest.c
configure:5352: $? = 0
configure:5352: result: yes
configure:5352: checking for netinet/tcp.h
configure:5352: result: yes
configure:5352: checking arpa/inet.h usability
configure:5352: gcc -c -g -O2  conftest.c >&5
configure:5352: $? = 0
configure:5352: result: yes
configure:5352: checking arpa/inet.h presence
configure:5352: gcc -E  conftest.c
configure:5352: $? = 0
configure:5352: result: yes
configure:5352: checking for arpa/inet.h
configure:5352: result: yes
configure:5363: checking for pid_t
configure:5363: result: yes
configure:5376: checking for vfork.h
configure:5376: result: no
configure:5389: checking for fork
configure:5389: result: yes
configure:5389: checking for vfork
configure:5389: result: yes
configure:5400: checking for working fork
configure:5432: result: yes
configure:5453: checking for working vfork
configure:5563: result: yes
configure:5591: checking for getauxval
configure:5591: result: yes
configure:5591: checking for pread
configure:5591: result: yes
configure:5591: checking for pwrite
configure:5591: result: yes
configure:5591: checking for pread64
configure:5591: result: yes
configure:5591: checking for setns
configure:5591: result: yes
configure:5603: checking for ANSI C header files
configure:5707: result: yes
configure:5717: checking for working alloca.h
configure:5742: result: yes
configure:5750: checking for alloca
configure:5795: result: yes
configure:5907: checking for nl_langinfo and CODESET
configure:5932: result: yes
configure:5944: checking for linux/perf_event.h
configure:5944: result: yes
configure:5944: checking for locale.h
configure:5944: result: yes
configure:5944: checking for memory.h
configure:5944: result: yes
configure:5944: checking for signal.h
configure:5944: result: yes
configure:5944: checking for sys/resource.h
configure:5944: result: yes
configure:5944: checking for sys/socket.h
configure:5944: result: yes
configure:5944: checking for sys/syscall.h
configure:5944: result: yes
configure:5944: checking for sys/un.h
configure:5944: result: yes
configure:5944: checking for sys/wait.h
configure:5944: result: yes
configure:5944: checking for thread_db.h
configure:5944: result: yes
configure:5944: checking for wait.h
configure:5944: result: yes
configure:5959: checking for fdwalk
configure:5959: result: no
configure:5959: checking for getrlimit
configure:5959: result: yes
configure:5959: checking for pipe
configure:5959: result: yes
configure:5959: checking for pipe2
configure:5959: result: yes
configure:5959: checking for socketpair
configure:5959: result: yes
configure:5970: checking whether strerror is declared
configure:5970: result: yes
configure:5980: checking whether strstr is declared
configure:5980: result: yes
configure:5992: checking for sigsetjmp
configure:6017: result: yes
configure:6033: checking for sys/ptrace.h
configure:6033: result: yes
configure:6033: checking for ptrace.h
configure:6033: result: no
configure:6066: checking whether ptrace is declared
configure:6066: result: yes
configure:6088: checking return type of ptrace
configure:6127: result: long
configure:6135: checking types of arguments for ptrace
configure:6211: result: enum __ptrace_request,int,long,long
configure:6297: checking for ust
configure:6313: gcc -c -g -O2   conftest.c >&5
conftest.c:81:10: fatal error: ust/ust.h: No such file or directory
   81 | #include <ust/ust.h>
      |          ^~~~~~~~~~~
compilation terminated.
configure:6313: $? = 1
configure: failed program was:
| /* confdefs.h */
| #define PACKAGE_NAME ""
| #define PACKAGE_TARNAME ""
| #define PACKAGE_VERSION ""
| #define PACKAGE_STRING ""
| #define PACKAGE_BUGREPORT ""
| #define PACKAGE_URL ""
| #define STDC_HEADERS 1
| #define HAVE_SYS_TYPES_H 1
| #define HAVE_SYS_STAT_H 1
| #define HAVE_STDLIB_H 1
| #define HAVE_STRING_H 1
| #define HAVE_MEMORY_H 1
| #define HAVE_STRINGS_H 1
| #define HAVE_INTTYPES_H 1
| #define HAVE_STDINT_H 1
| #define HAVE_UNISTD_H 1
| #define __EXTENSIONS__ 1
| #define _ALL_SOURCE 1
| #define _GNU_SOURCE 1
| #define _POSIX_PTHREAD_SEMANTICS 1
| #define _TANDEM_SOURCE 1
| #define STDC_HEADERS 1
| #define HAVE_SGTTY_H 1
| #define HAVE_TERMIO_H 1
| #define HAVE_TERMIOS_H 1
| #define HAVE_SYS_REG_H 1
| #define HAVE_STRING_H 1
| #define HAVE_PROC_SERVICE_H 1
| #define HAVE_SYS_PROCFS_H 1
| #define HAVE_LINUX_ELF_H 1
| #define HAVE_FCNTL_H 1
| #define HAVE_SIGNAL_H 1
| #define HAVE_SYS_FILE_H 1
| #define HAVE_SYS_IOCTL_H 1
| #define HAVE_NETINET_IN_H 1
| #define HAVE_SYS_SOCKET_H 1
| #define HAVE_NETDB_H 1
| #define HAVE_NETINET_TCP_H 1
| #define HAVE_ARPA_INET_H 1
| #define HAVE_FORK 1
| #define HAVE_VFORK 1
| #define HAVE_WORKING_VFORK 1
| #define HAVE_WORKING_FORK 1
| #define HAVE_GETAUXVAL 1
| #define HAVE_PREAD 1
| #define HAVE_PWRITE 1
| #define HAVE_PREAD64 1
| #define HAVE_SETNS 1
| #define STDC_HEADERS 1
| #define HAVE_ALLOCA_H 1
| #define HAVE_ALLOCA 1
| #define HAVE_LANGINFO_CODESET 1
| #define HAVE_LINUX_PERF_EVENT_H 1
| #define HAVE_LOCALE_H 1
| #define HAVE_MEMORY_H 1
| #define HAVE_SIGNAL_H 1
| #define HAVE_SYS_RESOURCE_H 1
| #define HAVE_SYS_SOCKET_H 1
| #define HAVE_SYS_SYSCALL_H 1
| #define HAVE_SYS_UN_H 1
| #define HAVE_SYS_WAIT_H 1
| #define HAVE_THREAD_DB_H 1
| #define HAVE_WAIT_H 1
| #define HAVE_GETRLIMIT 1
| #define HAVE_PIPE 1
| #define HAVE_PIPE2 1
| #define HAVE_SOCKETPAIR 1
| #define HAVE_DECL_STRERROR 1
| #define HAVE_DECL_STRSTR 1
| #define HAVE_SIGSETJMP 1
| #define HAVE_SYS_PTRACE_H 1
| #define HAVE_DECL_PTRACE 1
| #define PTRACE_TYPE_RET long
| #define PTRACE_TYPE_ARG1 enum __ptrace_request
| #define PTRACE_TYPE_ARG3 long
| #define PTRACE_TYPE_ARG4 long
| /* end confdefs.h.  */
| 
| #define CONFIG_UST_GDB_INTEGRATION
| #include <ust/ust.h>
| 
| int
| main ()
| {
| 
|   ;
|   return 0;
| }
configure:6319: result: no
configure:6419: checking compiler warning flags
configure:6452: gcc -c -g -O2 -Wall  conftest.c >&5
configure:6452: $? = 0
configure:6452: gcc -c -g -O2 -Wpointer-arith  conftest.c >&5
configure:6452: $? = 0
configure:6452: gcc -c -g -O2 -Wunused  conftest.c >&5
configure:6452: $? = 0
configure:6452: gcc -c -g -O2 -Wunused-value  conftest.c >&5
configure:6452: $? = 0
configure:6452: gcc -c -g -O2 -Wunused-function  conftest.c >&5
configure:6452: $? = 0
configure:6452: gcc -c -g -O2 -Wswitch  conftest.c >&5
configure:6452: $? = 0
configure:6452: gcc -c -g -O2 -Wchar-subscripts  conftest.c >&5
configure:6452: $? = 0
configure:6452: gcc -c -g -O2 -Wempty-body  conftest.c >&5
configure:6452: $? = 0
configure:6452: gcc -c -g -O2 -Wpointer-sign  conftest.c >&5
configure:6452: $? = 0
configure:6452: gcc -c -g -O2 -Wmissing-prototypes  conftest.c >&5
configure:6452: $? = 0
configure:6452: gcc -c -g -O2 -Wdeclaration-after-statement  conftest.c >&5
configure:6452: $? = 0
configure:6452: gcc -c -g -O2 -Wmissing-parameter-type  conftest.c >&5
configure:6452: $? = 0
configure:6452: gcc -c -g -O2 -Wold-style-declaration  conftest.c >&5
configure:6452: $? = 0
configure:6452: gcc -c -g -O2 -Wold-style-definition  conftest.c >&5
conftest.c: In function 'main':
conftest.c:81:1: warning: old-style function definition [-Wold-style-definition]
   81 | main ()
      | ^~~~
configure:6452: $? = 0
configure:6452: gcc -c -g -O2 -Wformat-nonliteral  conftest.c >&5
configure:6452: $? = 0
configure:6460: result:  -Wall -Wpointer-arith -Wno-unused -Wunused-value -Wunused-function -Wno-switch -Wno-char-subscripts -Wempty-body -Wpointer-sign -Wmissing-prototypes -Wdeclaration-after-statement -Wmissing-parameter-type -Wold-style-declaration -Wold-style-definition -Wformat-nonliteral 
configure:6485: checking for dladdr
configure:6485: gcc -o conftest -g -O2  -static-libstdc++ -static-libgcc  conftest.c  -ldl >&5
configure:6485: $? = 0
configure:6485: result: yes
configure:6498: checking for long long
configure:6498: result: yes
configure:6509: checking size of long long
configure:6529: result: 8
configure:6542: checking whether basename is declared
configure:6542: result: yes
configure:6552: checking whether ffs is declared
configure:6552: result: yes
configure:6562: checking whether asprintf is declared
configure:6562: result: yes
configure:6572: checking whether vasprintf is declared
configure:6572: result: yes
configure:6582: checking whether snprintf is declared
configure:6582: result: yes
configure:6592: checking whether vsnprintf is declared
configure:6592: result: yes
configure:6603: checking whether strtol is declared
configure:6603: result: yes
configure:6613: checking whether strtoul is declared
configure:6613: result: yes
configure:6623: checking whether strtoll is declared
configure:6623: result: yes
configure:6633: checking whether strtoull is declared
configure:6633: result: yes
configure:6644: checking whether strverscmp is declared
configure:6644: result: yes
configure:6657: checking whether strerror is declared
configure:6657: result: yes
configure:6667: checking whether perror is declared
configure:6667: gcc -c -g -O2  conftest.c >&5
configure:6667: $? = 0
configure:6667: result: yes
configure:6677: checking whether vasprintf is declared
configure:6677: result: yes
configure:6687: checking whether vsnprintf is declared
configure:6687: result: yes
configure:6699: checking for struct stat.st_blocks
configure:6699: result: yes
configure:6708: checking for struct stat.st_blksize
configure:6708: result: yes
configure:6719: checking for socklen_t
configure:6719: result: yes
configure:6746: checking for Elf32_auxv_t
configure:6746: gcc -c -g -O2  conftest.c >&5
configure:6746: $? = 0
configure:6746: gcc -c -g -O2  conftest.c >&5
conftest.c: In function 'main':
conftest.c:106:27: error: expected expression before ')' token
  106 | if (sizeof ((Elf32_auxv_t)))
      |                           ^
configure:6746: $? = 1
configure: failed program was:
| /* confdefs.h */
| #define PACKAGE_NAME ""
| #define PACKAGE_TARNAME ""
| #define PACKAGE_VERSION ""
| #define PACKAGE_STRING ""
| #define PACKAGE_BUGREPORT ""
| #define PACKAGE_URL ""
| #define STDC_HEADERS 1
| #define HAVE_SYS_TYPES_H 1
| #define HAVE_SYS_STAT_H 1
| #define HAVE_STDLIB_H 1
| #define HAVE_STRING_H 1
| #define HAVE_MEMORY_H 1
| #define HAVE_STRINGS_H 1
| #define HAVE_INTTYPES_H 1
| #define HAVE_STDINT_H 1
| #define HAVE_UNISTD_H 1
| #define __EXTENSIONS__ 1
| #define _ALL_SOURCE 1
| #define _GNU_SOURCE 1
| #define _POSIX_PTHREAD_SEMANTICS 1
| #define _TANDEM_SOURCE 1
| #define STDC_HEADERS 1
| #define HAVE_SGTTY_H 1
| #define HAVE_TERMIO_H 1
| #define HAVE_TERMIOS_H 1
| #define HAVE_SYS_REG_H 1
| #define HAVE_STRING_H 1
| #define HAVE_PROC_SERVICE_H 1
| #define HAVE_SYS_PROCFS_H 1
| #define HAVE_LINUX_ELF_H 1
| #define HAVE_FCNTL_H 1
| #define HAVE_SIGNAL_H 1
| #define HAVE_SYS_FILE_H 1
| #define HAVE_SYS_IOCTL_H 1
| #define HAVE_NETINET_IN_H 1
| #define HAVE_SYS_SOCKET_H 1
| #define HAVE_NETDB_H 1
| #define HAVE_NETINET_TCP_H 1
| #define HAVE_ARPA_INET_H 1
| #define HAVE_FORK 1
| #define HAVE_VFORK 1
| #define HAVE_WORKING_VFORK 1
| #define HAVE_WORKING_FORK 1
| #define HAVE_GETAUXVAL 1
| #define HAVE_PREAD 1
| #define HAVE_PWRITE 1
| #define HAVE_PREAD64 1
| #define HAVE_SETNS 1
| #define STDC_HEADERS 1
| #define HAVE_ALLOCA_H 1
| #define HAVE_ALLOCA 1
| #define HAVE_LANGINFO_CODESET 1
| #define HAVE_LINUX_PERF_EVENT_H 1
| #define HAVE_LOCALE_H 1
| #define HAVE_MEMORY_H 1
| #define HAVE_SIGNAL_H 1
| #define HAVE_SYS_RESOURCE_H 1
| #define HAVE_SYS_SOCKET_H 1
| #define HAVE_SYS_SYSCALL_H 1
| #define HAVE_SYS_UN_H 1
| #define HAVE_SYS_WAIT_H 1
| #define HAVE_THREAD_DB_H 1
| #define HAVE_WAIT_H 1
| #define HAVE_GETRLIMIT 1
| #define HAVE_PIPE 1
| #define HAVE_PIPE2 1
| #define HAVE_SOCKETPAIR 1
| #define HAVE_DECL_STRERROR 1
| #define HAVE_DECL_STRSTR 1
| #define HAVE_SIGSETJMP 1
| #define HAVE_SYS_PTRACE_H 1
| #define HAVE_DECL_PTRACE 1
| #define PTRACE_TYPE_RET long
| #define PTRACE_TYPE_ARG1 enum __ptrace_request
| #define PTRACE_TYPE_ARG3 long
| #define PTRACE_TYPE_ARG4 long
| #define HAVE_DLADDR 1
| #define HAVE_LONG_LONG 1
| #define SIZEOF_LONG_LONG 8
| #define HAVE_DECL_BASENAME 1
| #define HAVE_DECL_FFS 1
| #define HAVE_DECL_ASPRINTF 1
| #define HAVE_DECL_VASPRINTF 1
| #define HAVE_DECL_SNPRINTF 1
| #define HAVE_DECL_VSNPRINTF 1
| #define HAVE_DECL_STRTOL 1
| #define HAVE_DECL_STRTOUL 1
| #define HAVE_DECL_STRTOLL 1
| #define HAVE_DECL_STRTOULL 1
| #define HAVE_DECL_STRVERSCMP 1
| #define HAVE_DECL_STRERROR 1
| #define HAVE_DECL_PERROR 1
| #define HAVE_DECL_VASPRINTF 1
| #define HAVE_DECL_VSNPRINTF 1
| #define HAVE_STRUCT_STAT_ST_BLOCKS 1
| #define HAVE_STRUCT_STAT_ST_BLKSIZE 1
| #define HAVE_SOCKLEN_T 1
| /* end confdefs.h.  */
| #include <elf.h>
| 
| 
| int
| main ()
| {
| if (sizeof ((Elf32_auxv_t)))
| 	    return 0;
|   ;
|   return 0;
| }
configure:6746: result: yes
configure:6757: checking for Elf64_auxv_t
configure:6757: gcc -c -g -O2  conftest.c >&5
configure:6757: $? = 0
configure:6757: gcc -c -g -O2  conftest.c >&5
conftest.c: In function 'main':
conftest.c:107:27: error: expected expression before ')' token
  107 | if (sizeof ((Elf64_auxv_t)))
      |                           ^
configure:6757: $? = 1
configure: failed program was:
| /* confdefs.h */
| #define PACKAGE_NAME ""
| #define PACKAGE_TARNAME ""
| #define PACKAGE_VERSION ""
| #define PACKAGE_STRING ""
| #define PACKAGE_BUGREPORT ""
| #define PACKAGE_URL ""
| #define STDC_HEADERS 1
| #define HAVE_SYS_TYPES_H 1
| #define HAVE_SYS_STAT_H 1
| #define HAVE_STDLIB_H 1
| #define HAVE_STRING_H 1
| #define HAVE_MEMORY_H 1
| #define HAVE_STRINGS_H 1
| #define HAVE_INTTYPES_H 1
| #define HAVE_STDINT_H 1
| #define HAVE_UNISTD_H 1
| #define __EXTENSIONS__ 1
| #define _ALL_SOURCE 1
| #define _GNU_SOURCE 1
| #define _POSIX_PTHREAD_SEMANTICS 1
| #define _TANDEM_SOURCE 1
| #define STDC_HEADERS 1
| #define HAVE_SGTTY_H 1
| #define HAVE_TERMIO_H 1
| #define HAVE_TERMIOS_H 1
| #define HAVE_SYS_REG_H 1
| #define HAVE_STRING_H 1
| #define HAVE_PROC_SERVICE_H 1
| #define HAVE_SYS_PROCFS_H 1
| #define HAVE_LINUX_ELF_H 1
| #define HAVE_FCNTL_H 1
| #define HAVE_SIGNAL_H 1
| #define HAVE_SYS_FILE_H 1
| #define HAVE_SYS_IOCTL_H 1
| #define HAVE_NETINET_IN_H 1
| #define HAVE_SYS_SOCKET_H 1
| #define HAVE_NETDB_H 1
| #define HAVE_NETINET_TCP_H 1
| #define HAVE_ARPA_INET_H 1
| #define HAVE_FORK 1
| #define HAVE_VFORK 1
| #define HAVE_WORKING_VFORK 1
| #define HAVE_WORKING_FORK 1
| #define HAVE_GETAUXVAL 1
| #define HAVE_PREAD 1
| #define HAVE_PWRITE 1
| #define HAVE_PREAD64 1
| #define HAVE_SETNS 1
| #define STDC_HEADERS 1
| #define HAVE_ALLOCA_H 1
| #define HAVE_ALLOCA 1
| #define HAVE_LANGINFO_CODESET 1
| #define HAVE_LINUX_PERF_EVENT_H 1
| #define HAVE_LOCALE_H 1
| #define HAVE_MEMORY_H 1
| #define HAVE_SIGNAL_H 1
| #define HAVE_SYS_RESOURCE_H 1
| #define HAVE_SYS_SOCKET_H 1
| #define HAVE_SYS_SYSCALL_H 1
| #define HAVE_SYS_UN_H 1
| #define HAVE_SYS_WAIT_H 1
| #define HAVE_THREAD_DB_H 1
| #define HAVE_WAIT_H 1
| #define HAVE_GETRLIMIT 1
| #define HAVE_PIPE 1
| #define HAVE_PIPE2 1
| #define HAVE_SOCKETPAIR 1
| #define HAVE_DECL_STRERROR 1
| #define HAVE_DECL_STRSTR 1
| #define HAVE_SIGSETJMP 1
| #define HAVE_SYS_PTRACE_H 1
| #define HAVE_DECL_PTRACE 1
| #define PTRACE_TYPE_RET long
| #define PTRACE_TYPE_ARG1 enum __ptrace_request
| #define PTRACE_TYPE_ARG3 long
| #define PTRACE_TYPE_ARG4 long
| #define HAVE_DLADDR 1
| #define HAVE_LONG_LONG 1
| #define SIZEOF_LONG_LONG 8
| #define HAVE_DECL_BASENAME 1
| #define HAVE_DECL_FFS 1
| #define HAVE_DECL_ASPRINTF 1
| #define HAVE_DECL_VASPRINTF 1
| #define HAVE_DECL_SNPRINTF 1
| #define HAVE_DECL_VSNPRINTF 1
| #define HAVE_DECL_STRTOL 1
| #define HAVE_DECL_STRTOUL 1
| #define HAVE_DECL_STRTOLL 1
| #define HAVE_DECL_STRTOULL 1
| #define HAVE_DECL_STRVERSCMP 1
| #define HAVE_DECL_STRERROR 1
| #define HAVE_DECL_PERROR 1
| #define HAVE_DECL_VASPRINTF 1
| #define HAVE_DECL_VSNPRINTF 1
| #define HAVE_STRUCT_STAT_ST_BLOCKS 1
| #define HAVE_STRUCT_STAT_ST_BLKSIZE 1
| #define HAVE_SOCKLEN_T 1
| #define HAVE_ELF32_AUXV_T 1
| /* end confdefs.h.  */
| #include <elf.h>
| 
| 
| int
| main ()
| {
| if (sizeof ((Elf64_auxv_t)))
| 	    return 0;
|   ;
|   return 0;
| }
configure:6757: result: yes
configure:6923: checking for PTRACE_GETREGS
configure:6939: gcc -c -g -O2  conftest.c >&5
configure:6939: $? = 0
configure:6947: result: yes
configure:6955: checking for PTRACE_GETFPXREGS
configure:6971: gcc -c -g -O2  conftest.c >&5
configure:6971: $? = 0
configure:6979: result: yes
configure:6995: checking for lwpid_t in sys/procfs.h
configure:7029: result: yes
configure:7032: checking for psaddr_t in sys/procfs.h
configure:7066: result: yes
configure:7069: checking for prgregset_t in sys/procfs.h
configure:7103: result: yes
configure:7106: checking for prfpregset_t in sys/procfs.h
configure:7140: result: yes
configure:7143: checking for elf_fpregset_t in sys/procfs.h
configure:7163: gcc -c -g -O2  conftest.c >&5
configure:7163: $? = 0
configure:7177: result: yes
configure:7257: checking for dlopen in -ldl
configure:7282: gcc -o conftest -g -O2  -static-libstdc++ -static-libgcc  conftest.c -ldl   >&5
configure:7282: $? = 0
configure:7291: result: yes
configure:7310: checking for the dynamic export flag
configure:7328: gcc -o conftest -g -O2  -static-libstdc++ -static-libgcc  -Wl,--dynamic-list=./proc-service.list conftest.c  >&5
configure:7328: $? = 0
configure:7358: result: -Wl,--dynamic-list
configure:7368: checking for TD_VERSION
configure:7384: gcc -c -g -O2  conftest.c >&5
configure:7384: $? = 0
configure:7391: result: yes
configure:7431: checking whether the target supports __sync_*_compare_and_swap
configure:7448: gcc -o conftest -g -O2  -static-libstdc++ -static-libgcc  conftest.c  >&5
configure:7448: $? = 0
configure:7456: result: yes
configure:7477: gcc -c -g -O2 -fvisibility=hidden  conftest.c >&5
configure:7477: $? = 0
configure:7485: checking whether ADDR_NO_RANDOMIZE is declared
configure:7485: result: yes
configure:7543: gcc -o conftest -g -O2  -static-libstdc++ -static-libgcc  conftest.c  >&5
configure:7543: $? = 0
configure:7543: ./conftest
configure:7543: $? = 0
configure:7668: updating cache .././config.cache
configure:7713: creating ./config.status

## ---------------------- ##
## Running config.status. ##
## ---------------------- ##

This file was extended by config.status, which was
generated by GNU Autoconf 2.64.  Invocation command line was

  CONFIG_FILES    = 
  CONFIG_HEADERS  = 
  CONFIG_LINKS    = 
  CONFIG_COMMANDS = 
  $ ./config.status 

on LAPTOP-U4H62QNT

config.status:965: creating Makefile
config.status:965: creating config.h
config.status:1145: executing depdir commands

## ---------------- ##
## Cache variables. ##
## ---------------- ##

ac_cv_build=x86_64-pc-linux-gnu
ac_cv_c_bigendian=no
ac_cv_c_compiler_gnu=yes
ac_cv_c_const=yes
ac_cv_c_inline=inline
ac_cv_cxx_compiler_gnu=yes
ac_cv_env_CCC_set=
ac_cv_env_CCC_value=
ac_cv_env_CC_set=set
ac_cv_env_CC_value=gcc
ac_cv_env_CFLAGS_set=set
ac_cv_env_CFLAGS_value='-g -O2'
ac_cv_env_CPPFLAGS_set=
ac_cv_env_CPPFLAGS_value=
ac_cv_env_CPP_set=
ac_cv_env_CPP_value=
ac_cv_env_CXXFLAGS_set=set
ac_cv_env_CXXFLAGS_value='-g -O2'
ac_cv_env_CXX_set=set
ac_cv_env_CXX_value=g++
ac_cv_env_LDFLAGS_set=set
ac_cv_env_LDFLAGS_value='-static-libstdc++ -static-libgcc '
ac_cv_env_LIBS_set=
ac_cv_env_LIBS_value=
ac_cv_env_MAKEINFOFLAGS_set=
ac_cv_env_MAKEINFOFLAGS_value=
ac_cv_env_MAKEINFO_set=set
ac_cv_env_MAKEINFO_value='/mnt/c/Users/rguix/Desktop/GameEDA/gdb-7.11/missing makeinfo --split-size=5000000'
ac_cv_env_XMKMF_set=
ac_cv_env_XMKMF_value=
ac_cv_env_YACC_set=set
ac_cv_env_YACC_value='/mnt/c/Users/rguix/Desktop/GameEDA/gdb-7.11/missing bison -y'
ac_cv_env_YFLAGS_set=
ac_cv_env_YFLAGS_value=
ac_cv_env_build_alias_set=set
ac_cv_env_build_alias_value=x86_64-pc-linux-gnu
ac_cv_env_host_alias_set=set
ac_cv_env_host_alias_value=x86_64-pc-linux-gnu
ac_cv_env_target_alias_set=set
ac_cv_env_target_alias_value=x86_64-pc-linux-gnu
ac_cv_func__mcleanup=yes
ac_cv_func_alloca_works=yes
ac_cv_func_btowc=yes
ac_cv_func_dladdr=yes
ac_cv_func_fdwalk=no
ac_cv_func_fork=yes
ac_cv_func_fork_works=yes
ac_cv_func_getauxval=yes
ac_cv_func_getgid=yes
ac_cv_func_getpagesize=yes
ac_cv_func_getrlimit=yes
ac_cv_func_getrusage=yes
ac_cv_func_getuid=yes
ac_cv_func_iconvlist=no
ac_cv_func_libiconvlist=no
ac_cv_func_mkdtemp=yes
ac_cv_func_mmap_fixed_mapped=yes
ac_cv_func_monstartup=yes
ac_cv_func_pipe2=yes
ac_cv_func_pipe=yes
ac_cv_func_poll=yes
ac_cv_func_posix_madvise=yes
ac_cv_func_pread64=yes
ac_cv_func_pread=yes
ac_cv_func_ptrace64=no
ac_cv_func_pwrite=yes
ac_cv_func_resize_term=no
ac_cv_func_sbrk=yes
ac_cv_func_setlocale=yes
ac_cv_func_setns=yes
ac_cv_func_setpgid=yes
ac_cv_func_setpgrp=yes
ac_cv_func_setpgrp_void=yes
ac_cv_func_setrlimit=yes
ac_cv_func_setsid=yes
ac_cv_func_sigaction=yes
ac_cv_func_sigaltstack=yes
ac_cv_func_sigprocmask=yes
ac_cv_func_sigsetmask=yes
ac_cv_func_socketpair=yes
ac_cv_func_ttrace=no
ac_cv_func_vfork=yes
ac_cv_func_vfork_works=yes
ac_cv_func_waitpid=yes
ac_cv_func_wborder=no
ac_cv_func_wctype=yes
ac_cv_func_wresize=no
ac_cv_have_decl_ADDR_NO_RANDOMIZE=yes
ac_cv_have_decl_asprintf=yes
ac_cv_have_decl_basename_char_p_=yes
ac_cv_have_decl_ffs=yes
ac_cv_have_decl_free=yes
ac_cv_have_decl_malloc=yes
ac_cv_have_decl_perror=yes
ac_cv_have_decl_ptrace=yes
ac_cv_have_decl_realloc=yes
ac_cv_have_decl_snprintf=yes
ac_cv_have_decl_strerror=yes
ac_cv_have_decl_strstr=yes
ac_cv_have_decl_strtol=yes
ac_cv_have_decl_strtoll=yes
ac_cv_have_decl_strtoul=yes
ac_cv_have_decl_strtoull=yes
ac_cv_have_decl_strverscmp=yes
ac_cv_have_decl_vasprintf=yes
ac_cv_have_decl_vsnprintf=yes
ac_cv_have_x=have_x=no
ac_cv_header_arpa_inet_h=yes
ac_cv_header_cursesX_h=no
ac_cv_header_curses_h=no
ac_cv_header_dlfcn_h=yes
ac_cv_header_elf_hp_h=no
ac_cv_header_fcntl_h=yes
ac_cv_header_inttypes_h=yes
ac_cv_header_libunwind_ia64_h=no
ac_cv_header_linux_elf_h=yes
ac_cv_header_linux_perf_event_h=yes
ac_cv_header_locale_h=yes
ac_cv_header_machine_reg_h=no
ac_cv_header_memory_h=yes
ac_cv_header_minix_config_h=no
ac_cv_header_ncurses_h=no
ac_cv_header_ncurses_ncurses_h=no
ac_cv_header_ncurses_term_h=no
ac_cv_header_netdb_h=yes
ac_cv_header_netinet_in_h=yes
ac_cv_header_netinet_tcp_h=yes
ac_cv_header_nlist_h=no
ac_cv_header_poll_h=yes
ac_cv_header_proc_service_h=yes
ac_cv_header_pthread_h=yes
ac_cv_header_ptrace_h=no
ac_cv_header_sgtty_h=yes
ac_cv_header_signal_h=yes
ac_cv_header_stdc=yes
ac_cv_header_stdint_h=yes
ac_cv_header_stdlib_h=yes
ac_cv_header_string_h=yes
ac_cv_header_strings_h=yes
ac_cv_header_sys_debugreg_h=yes
ac_cv_header_sys_fault_h=no
ac_cv_header_sys_file_h=yes
ac_cv_header_sys_filio_h=no
ac_cv_header_sys_ioctl_h=yes
ac_cv_header_sys_param_h=yes
ac_cv_header_sys_poll_h=yes
ac_cv_header_sys_proc_h=no
ac_cv_header_sys_procfs_h=yes
ac_cv_header_sys_ptrace_h=yes
ac_cv_header_sys_reg_h=yes
ac_cv_header_sys_resource_h=yes
ac_cv_header_sys_select_h=yes
ac_cv_header_sys_socket_h=yes
ac_cv_header_sys_stat_h=yes
ac_cv_header_sys_syscall_h=yes
ac_cv_header_sys_types_h=yes
ac_cv_header_sys_un_h=yes
ac_cv_header_sys_user_h=yes
ac_cv_header_sys_wait_h=yes
ac_cv_header_term_h=no
ac_cv_header_termio_h=yes
ac_cv_header_termios_h=yes
ac_cv_header_thread_db_h=yes
ac_cv_header_unistd_h=yes
ac_cv_header_vfork_h=no
ac_cv_header_wait_h=yes
ac_cv_header_windows_h=no
ac_cv_host=x86_64-pc-linux-gnu
ac_cv_lib_dl_dlopen=yes
ac_cv_lib_m_main=yes
ac_cv_libbabeltrace=no
ac_cv_libexpat=no
ac_cv_libipt=no
ac_cv_liblzma=no
ac_cv_member_struct_ptrace_lwpinfo_pl_tdname=no
ac_cv_member_struct_reg_r_fs=no
ac_cv_member_struct_reg_r_gs=no
ac_cv_member_struct_stat_st_blksize=yes
ac_cv_member_struct_stat_st_blocks=yes
ac_cv_member_struct_thread_td_pcb=no
ac_cv_member_struct_user_regs_struct_fs_base=yes
ac_cv_member_struct_user_regs_struct_gs_base=yes
ac_cv_objext=o
ac_cv_path_EGREP='/usr/bin/grep -E'
ac_cv_path_GREP=/usr/bin/grep
ac_cv_path_pkg_config_prog_path=missing
ac_cv_path_python_prog_path=missing
ac_cv_prog_AR=ar
ac_cv_prog_AWK=gawk
ac_cv_prog_CC=gcc
ac_cv_prog_CPP='gcc -E'
ac_cv_prog_DLLTOOL=dlltool
ac_cv_prog_MAKE=make
ac_cv_prog_RANLIB=ranlib
ac_cv_prog_WINDRES=windres
ac_cv_prog_YACC='/mnt/c/Users/rguix/Desktop/GameEDA/gdb-7.11/missing bison -y'
ac_cv_prog_cc_c89=
ac_cv_prog_cc_g=yes
ac_cv_prog_cxx_g=yes
ac_cv_prog_make_make_set=yes
ac_cv_safe_to_define___extensions__=yes
ac_cv_search_dlopen=-ldl
ac_cv_search_gethostbyname='none required'
ac_cv_search_kinfo_getvmmap=no
ac_cv_search_socketpair='none required'
ac_cv_search_tgetent=no
ac_cv_search_waddstr=no
ac_cv_sizeof_long_long=8
ac_cv_sizeof_unsigned___int128=16
ac_cv_sizeof_unsigned_long=8
ac_cv_sizeof_unsigned_long_long=8
ac_cv_sys_file_offset_bits=no
ac_cv_sys_largefile_CC=no
ac_cv_target=x86_64-pc-linux-gnu
ac_cv_type_Elf32_auxv_t=yes
ac_cv_type_Elf64_auxv_t=yes
ac_cv_type_long_long=yes
ac_cv_type_pid_t=yes
ac_cv_type_socklen_t=yes
ac_cv_var__etext=yes
ac_cv_var_etext=yes
ac_cv_working_alloca_h=yes
acl_cv_hardcode_direct=no
acl_cv_hardcode_libdir_flag_spec='${wl}-rpath ${wl}$libdir'
acl_cv_hardcode_libdir_separator=
acl_cv_hardcode_minus_L=no
acl_cv_libext=a
acl_cv_path_LD=ld
acl_cv_prog_gnu_ld=yes
acl_cv_rpath=done
acl_cv_shlibext=so
acl_cv_wl=-Wl,
am_cv_CC_dependencies_compiler_type=gcc3
am_cv_func_iconv=yes
am_cv_langinfo_codeset=yes
am_cv_lib_iconv=no
am_cv_prog_cc_stdc=
am_cv_proto_iconv='extern size_t iconv (iconv_t cd, char * *inbuf, size_t *inbytesleft, char * *outbuf, size_t *outbytesleft);'
am_cv_proto_iconv_arg1=
am_cv_val_LC_MESSAGES=yes
bfd_cv_have_sys_procfs_type_elf_fpregset_t=yes
bfd_cv_have_sys_procfs_type_fpregset_t=no
bfd_cv_have_sys_procfs_type_gregset_t=no
bfd_cv_have_sys_procfs_type_lwpid_t=yes
bfd_cv_have_sys_procfs_type_pr_sigaction64_t=no
bfd_cv_have_sys_procfs_type_pr_siginfo64_t=no
bfd_cv_have_sys_procfs_type_pr_sigset_t=no
bfd_cv_have_sys_procfs_type_prfpregset_t=yes
bfd_cv_have_sys_procfs_type_prgregset32_t=no
bfd_cv_have_sys_procfs_type_prgregset_t=yes
bfd_cv_have_sys_procfs_type_prsysent_t=no
bfd_cv_have_sys_procfs_type_psaddr_t=yes
gdb_cv_c_long_double=yes
gdb_cv_c_long_long=yes
gdb_cv_func_ptrace_args='enum __ptrace_request,int,long,long'
gdb_cv_func_ptrace_ret=long
gdb_cv_func_sigsetjmp=yes
gdb_cv_have_gnu_regex=yes
gdb_cv_have_makeinfo_click=no
gdb_cv_have_pt_getdbregs=no
gdb_cv_have_pt_getxmmregs=no
gdb_cv_have_ptrace_getfpxregs=yes
gdb_cv_have_ptrace_getregs=yes
gdb_cv_os_cygwin=no
gdb_cv_prfpregset_t_broken=no
gdb_cv_printf_has_decfloat=no
gdb_cv_printf_has_long_double=yes
gdb_cv_printf_has_long_long=yes
gdb_cv_scanf_has_long_double=yes
gdb_cv_struct_lwp=no
gdb_cv_struct_reg=no
gdb_cv_thread_db_h_has_td_notalloc=yes
gdb_cv_thread_db_h_has_td_notls=yes
gdb_cv_thread_db_h_has_td_version=yes
gdb_cv_var_elf=yes
gdb_cv_var_macho=no
gdbsrv_cv_have_personality=true
gdbsrv_cv_have_ptrace_getfpxregs=yes
gdbsrv_cv_have_ptrace_getregs=yes
gdbsrv_cv_have_sync_builtins=yes
gdbsrv_cv_have_td_version=yes
gdbsrv_cv_have_visibility_hidden=yes

## ----------------- ##
## Output variables. ##
## ----------------- ##

ALLOCA=''
AR='ar'
CC='gcc'
CCDEPMODE='depmode=gcc3'
CFLAGS='-g -O2'
COMPILER='$(CC)'
COMPILER_CFLAGS='$(CFLAGS)'
CPP='gcc -E'
CPPFLAGS=''
CXX='g++'
CXXFLAGS='-g -O2'
DEFS='-DHAVE_CONFIG_H'
DEPDIR='.deps'
ECHO_C=''
ECHO_N='-n'
ECHO_T=''
EGREP='/usr/bin/grep -E'
EXEEXT=''
GDBSERVER_DEPFILES='amd64-linux.o amd64-avx-linux.o amd64-avx512-linux.o amd64-mpx-linux.o x32-linux.o x32-avx-linux.o x32-avx512-linux.o i386-linux.o i386-avx-linux.o i386-avx512-linux.o i386-mpx-linux.o i386-mmx-linux.o linux-low.o linux-osdata.o linux-procfs.o linux-ptrace.o linux-waitpid.o linux-personality.o linux-namespaces.o linux-x86-low.o x86-low.o x86-dregs.o i387-fp.o linux-btrace.o x86-linux.o x86-linux-dregs.o amd64-linux-siginfo.o hostio-errno.o thread-db.o proc-service.o posix-strerror.o'
GDBSERVER_LIBS='-ldl'
GMAKE_FALSE='#'
GMAKE_TRUE=''
GNULIB_STDINT_H=''
GREP='/usr/bin/grep'
INSTALL_DATA='/usr/bin/install -c -m 644'
INSTALL_PROGRAM='/usr/bin/install -c'
INSTALL_SCRIPT='/usr/bin/install -c'
IPA_DEPFILES='amd64-linux-ipa.o linux-amd64-ipa.o'
LDFLAGS='-static-libstdc++ -static-libgcc '
LIBOBJS=''
LIBS=''
LTLIBOBJS=''
MAINT='#'
MAINTAINER_MODE_FALSE=''
MAINTAINER_MODE_TRUE='#'
MAKE='make'
OBJEXT='o'
PACKAGE_BUGREPORT=''
PACKAGE_NAME=''
PACKAGE_STRING=''
PACKAGE_TARNAME=''
PACKAGE_URL=''
PACKAGE_VERSION=''
PATH_SEPARATOR=':'
PKGVERSION='(GDB) '
RANLIB='ranlib'
RDYNAMIC='-Wl,--dynamic-list=$(srcdir)/proc-service.list'
REPORT_BUGS_TEXI='@uref{http://www.gnu.org/software/gdb/bugs/}'
REPORT_BUGS_TO='<http://www.gnu.org/software/gdb/bugs/>'
SET_MAKE=''
SHELL='/bin/bash'
WARN_CFLAGS=' -Wall -Wpointer-arith -Wno-unused -Wunused-value -Wunused-function -Wno-switch -Wno-char-subscripts -Wempty-body -Wpointer-sign -Wmissing-prototypes -Wdeclaration-after-statement -Wmissing-parameter-type -Wold-style-declaration -Wold-style-definition -Wformat-nonliteral -Wno-missing-prototypes'
WERROR_CFLAGS=''
ac_ct_CC=''
ac_ct_CXX=''
am__leading_dot='.'
bindir='${exec_prefix}/bin'
build='x86_64-pc-linux-gnu'
build_alias='x86_64-pc-linux-gnu'
build_cpu='x86_64'
build_os='linux-gnu'
build_vendor='pc'
datadir='${datarootdir}'
datarootdir='${prefix}/share'
docdir='${datarootdir}/doc/${PACKAGE}'
dvidir='${docdir}'
exec_prefix='${prefix}'
extra_libraries=' libinproctrace.so'
host='x86_64-pc-linux-gnu'
host_alias='x86_64-pc-linux-gnu'
host_cpu='x86_64'
host_noncanonical='x86_64-pc-linux-gnu'
host_os='linux-gnu'
host_vendor='pc'
htmldir='${docdir}'
includedir='${prefix}/include'
infodir='${datarootdir}/info'
libdir='${exec_prefix}/lib'
libexecdir='${exec_prefix}/libexec'
localedir='${datarootdir}/locale'
localstatedir='${prefix}/var'
mandir='${datarootdir}/man'
oldincludedir='/usr/include'
pdfdir='${docdir}'
prefix='/usr/local'
program_transform_name='s,y,y,'
psdir='${docdir}'
sbindir='${exec_prefix}/sbin'
sharedstatedir='${prefix}/com'
srv_xmlbuiltin='xml-builtin.o'
srv_xmlfiles=' $(XML_DIR)/i386/i386-linux.xml $(XML_DIR)/i386/i386-avx-linux.xml $(XML_DIR)/i386/i386-avx512-linux.xml $(XML_DIR)/i386/i386-mmx-linux.xml $(XML_DIR)/i386/32bit-linux.xml $(XML_DIR)/i386/i386-mpx-linux.xml $(XML_DIR)/i386/32bit-core.xml $(XML_DIR)/i386/32bit-sse.xml $(XML_DIR)/i386/32bit-avx.xml $(XML_DIR)/i386/32bit-avx512.xml $(XML_DIR)/i386/32bit-mpx.xml $(XML_DIR)/i386/amd64-linux.xml $(XML_DIR)/i386/amd64-avx-linux.xml $(XML_DIR)/i386/amd64-avx512-linux.xml $(XML_DIR)/i386/64bit-linux.xml $(XML_DIR)/i386/amd64-mpx-linux.xml $(XML_DIR)/i386/x32-linux.xml $(XML_DIR)/i386/x32-avx-linux.xml $(XML_DIR)/i386/x32-avx512-linux.xml $(XML_DIR)/i386/64bit-core.xml $(XML_DIR)/i386/64bit-sse.xml $(XML_DIR)/i386/64bit-avx.xml $(XML_DIR)/i386/64bit-avx512.xml $(XML_DIR)/i386/x32-core.xml $(XML_DIR)/i386/64bit-mpx.xml'
sysconfdir='${prefix}/etc'
target='x86_64-pc-linux-gnu'
target_alias='x86_64-pc-linux-gnu'
target_cpu='x86_64'
target_noncanonical='x86_64-pc-linux-gnu'
target_os='linux-gnu'
target_vendor='pc'
ustinc=''
ustlibs=''

## ----------- ##
## confdefs.h. ##
## ----------- ##

/* confdefs.h */
#define PACKAGE_NAME ""
#define PACKAGE_TARNAME ""
#define PACKAGE_VERSION ""
#define PACKAGE_STRING ""
#define PACKAGE_BUGREPORT ""
#define PACKAGE_URL ""
#define STDC_HEADERS 1
#define HAVE_SYS_TYPES_H 1
#define HAVE_SYS_STAT_H 1
#define HAVE_STDLIB_H 1
#define HAVE_STRING_H 1
#define HAVE_MEMORY_H 1
#define HAVE_STRINGS_H 1
#define HAVE_INTTYPES_H 1
#define HAVE_STDINT_H 1
#define HAVE_UNISTD_H 1
#define __EXTENSIONS__ 1
#define _ALL_SOURCE 1
#define _GNU_SOURCE 1
#define _POSIX_PTHREAD_SEMANTICS 1
#define _TANDEM_SOURCE 1
#define STDC_HEADERS 1
#define HAVE_SGTTY_H 1
#define HAVE_TERMIO_H 1
#define HAVE_TERMIOS_H 1
#define HAVE_SYS_REG_H 1
#define HAVE_STRING_H 1
#define HAVE_PROC_SERVICE_H 1
#define HAVE_SYS_PROCFS_H 1
#define HAVE_LINUX_ELF_H 1
#define HAVE_FCNTL_H 1
#define HAVE_SIGNAL_H 1
#define HAVE_SYS_FILE_H 1
#define HAVE_SYS_IOCTL_H 1
#define HAVE_NETINET_IN_H 1
#define HAVE_SYS_SOCKET_H 1
#define HAVE_NETDB_H 1
#define HAVE_NETINET_TCP_H 1
#define HAVE_ARPA_INET_H 1
#define HAVE_FORK 1
#define HAVE_VFORK 1
#define HAVE_WORKING_VFORK 1
#define HAVE_WORKING_FORK 1
#define HAVE_GETAUXVAL 1
#define HAVE_PREAD 1
#define HAVE_PWRITE 1
#define HAVE_PREAD64 1
#define HAVE_SETNS 1
#define STDC_HEADERS 1
#define HAVE_ALLOCA_H 1
#define HAVE_ALLOCA 1
#define HAVE_LANGINFO_CODESET 1
#define HAVE_LINUX_PERF_EVENT_H 1
#define HAVE_LOCALE_H 1
#define HAVE_MEMORY_H 1
#define HAVE_SIGNAL_H 1
#define HAVE_SYS_RESOURCE_H 1
#define HAVE_SYS_SOCKET_H 1
#define HAVE_SYS_SYSCALL_H 1
#define HAVE_SYS_UN_H 1
#define HAVE_SYS_WAIT_H 1
#define HAVE_THREAD_DB_H 1
#define HAVE_WAIT_H 1
#define HAVE_GETRLIMIT 1
#define HAVE_PIPE 1
#define HAVE_PIPE2 1
#define HAVE_SOCKETPAIR 1
#define HAVE_DECL_STRERROR 1
#define HAVE_DECL_STRSTR 1
#define HAVE_SIGSETJMP 1
#define HAVE_SYS_PTRACE_H 1
#define HAVE_DECL_PTRACE 1
#define PTRACE_TYPE_RET long
#define PTRACE_TYPE_ARG1 enum __ptrace_request
#define PTRACE_TYPE_ARG3 long
#define PTRACE_TYPE_ARG4 long
#define HAVE_DLADDR 1
#define HAVE_LONG_LONG 1
#define SIZEOF_LONG_LONG 8
#define HAVE_DECL_BASENAME 1
#define HAVE_DECL_FFS 1
#define HAVE_DECL_ASPRINTF 1
#define HAVE_DECL_VASPRINTF 1
#define HAVE_DECL_SNPRINTF 1
#define HAVE_DECL_VSNPRINTF 1
#define HAVE_DECL_STRTOL 1
#define HAVE_DECL_STRTOUL 1
#define HAVE_DECL_STRTOLL 1
#define HAVE_DECL_STRTOULL 1
#define HAVE_DECL_STRVERSCMP 1
#define HAVE_DECL_STRERROR 1
#define HAVE_DECL_PERROR 1
#define HAVE_DECL_VASPRINTF 1
#define HAVE_DECL_VSNPRINTF 1
#define HAVE_STRUCT_STAT_ST_BLOCKS 1
#define HAVE_STRUCT_STAT_ST_BLKSIZE 1
#define HAVE_SOCKLEN_T 1
#define HAVE_ELF32_AUXV_T 1
#define HAVE_ELF64_AUXV_T 1
#define PKGVERSION "(GDB) "
#define REPORT_BUGS_TO "<http://www.gnu.org/software/gdb/bugs/>"
#define HAVE_LINUX_USRREGS 1
#define HAVE_LINUX_REGSETS 1
#define HAVE_PTRACE_GETREGS 1
#define HAVE_PTRACE_GETFPXREGS 1
#define HAVE_LINUX_BTRACE 1
#define HAVE_LWPID_T 1
#define HAVE_PSADDR_T 1
#define HAVE_PRGREGSET_T 1
#define HAVE_PRFPREGSET_T 1
#define HAVE_ELF_FPREGSET_T 1
#define HAVE_LIBDL 1
#define USE_THREAD_DB 1
#define HAVE_TD_VERSION 1
#define USE_XML 1
#define HAVE_SYNC_BUILTINS 1
#define HAVE_DECL_ADDR_NO_RANDOMIZE 1
#define HAVE_PERSONALITY 1

configure: exit 0
