# lee_cjt_especies

# inicializa_clusters

# ejecuta_paso_wpgma
ERROR: num_clusters <= 1

# imprime_arbol_filogenetico
ERROR: El conjunto de clusters es vacio.

# lee_cjt_especies

# inicializa_clusters
a: b (90.9091) c (71.4286) e (90.9091) f (97.1429) g (97.1429) h (100) i (90.9091) j (90.9091) k (87.5) l (97.1429) m (97.1429) n (97.1429) o (90.9091) p (90.9091) q (87.5)
b: c (87.5) e (83.871) f (87.5) g (43.4783) h (97.1429) i (94.1176) j (87.5) k (94.1176) l (87.5) m (87.5) n (87.5) o (83.871) p (90.9091) q (61.5385)
c: e (94.1176) f (87.5) g (90.9091) h (97.1429) i (90.9091) j (87.5) k (90.9091) l (90.9091) m (87.5) n (87.5) o (94.1176) p (90.9091) q (80)
e: f (87.5) g (71.4286) h (100) i (83.871) j (80) k (83.871) l (90.9091) m (87.5) n (83.871) o (28.5714) p (56) q (80)
f: g (83.871) h (61.5385) i (36.3636) j (36.3636) k (56) l (28.5714) m (20) n (36.3636) o (87.5) p (87.5) q (90.9091)
g: h (97.1429) i (90.9091) j (83.871) k (90.9091) l (83.871) m (83.871) n (80) o (71.4286) p (83.871) q (66.6667)
h: i (61.5385) j (71.4286) k (75.8621) l (66.6667) m (71.4286) n (80) o (100) p (100) q (97.1429)
i: j (20) k (28.5714) l (50) m (50) n (61.5385) o (80) p (75.8621) q (87.5)
j: k (28.5714) l (43.4783) m (36.3636) n (50) o (75.8621) p (75.8621) q (83.871)
k: l (61.5385) m (56) n (61.5385) o (80) p (75.8621) q (87.5)
l: m (20) n (28.5714) o (90.9091) p (90.9091) q (90.9091)
m: n (20) o (87.5) p (87.5) q (90.9091)
n: o (83.871) p (87.5) q (90.9091)
o: p (36.3636) q (75.8621)
p: q (71.4286)
q:

# ejecuta_paso_wpgma
a: b (90.9091) c (71.4286) e (90.9091) fm (97.1429) g (97.1429) h (100) i (90.9091) j (90.9091) k (87.5) l (97.1429) n (97.1429) o (90.9091) p (90.9091) q (87.5)
b: c (87.5) e (83.871) fm (87.5) g (43.4783) h (97.1429) i (94.1176) j (87.5) k (94.1176) l (87.5) n (87.5) o (83.871) p (90.9091) q (61.5385)
c: e (94.1176) fm (87.5) g (90.9091) h (97.1429) i (90.9091) j (87.5) k (90.9091) l (90.9091) n (87.5) o (94.1176) p (90.9091) q (80)
e: fm (87.5) g (71.4286) h (100) i (83.871) j (80) k (83.871) l (90.9091) n (83.871) o (28.5714) p (56) q (80)
fm: g (83.871) h (66.4835) i (43.1818) j (36.3636) k (56) l (24.2857) n (28.1818) o (87.5) p (87.5) q (90.9091)
g: h (97.1429) i (90.9091) j (83.871) k (90.9091) l (83.871) n (80) o (71.4286) p (83.871) q (66.6667)
h: i (61.5385) j (71.4286) k (75.8621) l (66.6667) n (80) o (100) p (100) q (97.1429)
i: j (20) k (28.5714) l (50) n (61.5385) o (80) p (75.8621) q (87.5)
j: k (28.5714) l (43.4783) n (50) o (75.8621) p (75.8621) q (83.871)
k: l (61.5385) n (61.5385) o (80) p (75.8621) q (87.5)
l: n (28.5714) o (90.9091) p (90.9091) q (90.9091)
n: o (83.871) p (87.5) q (90.9091)
o: p (36.3636) q (75.8621)
p: q (71.4286)
q:

# ejecuta_paso_wpgma
a: b (90.9091) c (71.4286) e (90.9091) fm (97.1429) g (97.1429) h (100) ij (90.9091) k (87.5) l (97.1429) n (97.1429) o (90.9091) p (90.9091) q (87.5)
b: c (87.5) e (83.871) fm (87.5) g (43.4783) h (97.1429) ij (90.8088) k (94.1176) l (87.5) n (87.5) o (83.871) p (90.9091) q (61.5385)
c: e (94.1176) fm (87.5) g (90.9091) h (97.1429) ij (89.2045) k (90.9091) l (90.9091) n (87.5) o (94.1176) p (90.9091) q (80)
e: fm (87.5) g (71.4286) h (100) ij (81.9355) k (83.871) l (90.9091) n (83.871) o (28.5714) p (56) q (80)
fm: g (83.871) h (66.4835) ij (39.7727) k (56) l (24.2857) n (28.1818) o (87.5) p (87.5) q (90.9091)
g: h (97.1429) ij (87.39) k (90.9091) l (83.871) n (80) o (71.4286) p (83.871) q (66.6667)
h: ij (66.4835) k (75.8621) l (66.6667) n (80) o (100) p (100) q (97.1429)
ij: k (28.5714) l (46.7391) n (55.7692) o (77.931) p (75.8621) q (85.6855)
k: l (61.5385) n (61.5385) o (80) p (75.8621) q (87.5)
l: n (28.5714) o (90.9091) p (90.9091) q (90.9091)
n: o (83.871) p (87.5) q (90.9091)
o: p (36.3636) q (75.8621)
p: q (71.4286)
q:

# ejecuta_paso_wpgma
a: b (90.9091) c (71.4286) e (90.9091) fml (97.1429) g (97.1429) h (100) ij (90.9091) k (87.5) n (97.1429) o (90.9091) p (90.9091) q (87.5)
b: c (87.5) e (83.871) fml (87.5) g (43.4783) h (97.1429) ij (90.8088) k (94.1176) n (87.5) o (83.871) p (90.9091) q (61.5385)
c: e (94.1176) fml (89.2045) g (90.9091) h (97.1429) ij (89.2045) k (90.9091) n (87.5) o (94.1176) p (90.9091) q (80)
e: fml (89.2045) g (71.4286) h (100) ij (81.9355) k (83.871) n (83.871) o (28.5714) p (56) q (80)
fml: g (83.871) h (66.5751) ij (43.2559) k (58.7692) n (28.3766) o (89.2045) p (89.2045) q (90.9091)
g: h (97.1429) ij (87.39) k (90.9091) n (80) o (71.4286) p (83.871) q (66.6667)
h: ij (66.4835) k (75.8621) n (80) o (100) p (100) q (97.1429)
ij: k (28.5714) n (55.7692) o (77.931) p (75.8621) q (85.6855)
k: n (61.5385) o (80) p (75.8621) q (87.5)
n: o (83.871) p (87.5) q (90.9091)
o: p (36.3636) q (75.8621)
p: q (71.4286)
q:

# ejecuta_paso_wpgma
a: b (90.9091) c (71.4286) e (90.9091) fmln (97.1429) g (97.1429) h (100) ij (90.9091) k (87.5) o (90.9091) p (90.9091) q (87.5)
b: c (87.5) e (83.871) fmln (87.5) g (43.4783) h (97.1429) ij (90.8088) k (94.1176) o (83.871) p (90.9091) q (61.5385)
c: e (94.1176) fmln (88.3523) g (90.9091) h (97.1429) ij (89.2045) k (90.9091) o (94.1176) p (90.9091) q (80)
e: fmln (86.5378) g (71.4286) h (100) ij (81.9355) k (83.871) o (28.5714) p (56) q (80)
fmln: g (81.9355) h (73.2875) ij (49.5126) k (60.1538) o (86.5378) p (88.3523) q (90.9091)
g: h (97.1429) ij (87.39) k (90.9091) o (71.4286) p (83.871) q (66.6667)
h: ij (66.4835) k (75.8621) o (100) p (100) q (97.1429)
ij: k (28.5714) o (77.931) p (75.8621) q (85.6855)
k: o (80) p (75.8621) q (87.5)
o: p (36.3636) q (75.8621)
p: q (71.4286)
q:

# ejecuta_paso_wpgma
a: b (90.9091) c (71.4286) eo (90.9091) fmln (97.1429) g (97.1429) h (100) ij (90.9091) k (87.5) p (90.9091) q (87.5)
b: c (87.5) eo (83.871) fmln (87.5) g (43.4783) h (97.1429) ij (90.8088) k (94.1176) p (90.9091) q (61.5385)
c: eo (94.1176) fmln (88.3523) g (90.9091) h (97.1429) ij (89.2045) k (90.9091) p (90.9091) q (80)
eo: fmln (86.5378) g (71.4286) h (100) ij (79.9333) k (81.9355) p (46.1818) q (77.931)
fmln: g (81.9355) h (73.2875) ij (49.5126) k (60.1538) p (88.3523) q (90.9091)
g: h (97.1429) ij (87.39) k (90.9091) p (83.871) q (66.6667)
h: ij (66.4835) k (75.8621) p (100) q (97.1429)
ij: k (28.5714) p (75.8621) q (85.6855)
k: p (75.8621) q (87.5)
p: q (71.4286)
q:

# ejecuta_paso_wpgma
a: b (90.9091) c (71.4286) eo (90.9091) fmln (97.1429) g (97.1429) h (100) ijk (89.2045) p (90.9091) q (87.5)
b: c (87.5) eo (83.871) fmln (87.5) g (43.4783) h (97.1429) ijk (92.4632) p (90.9091) q (61.5385)
c: eo (94.1176) fmln (88.3523) g (90.9091) h (97.1429) ijk (90.0568) p (90.9091) q (80)
eo: fmln (86.5378) g (71.4286) h (100) ijk (80.9344) p (46.1818) q (77.931)
fmln: g (81.9355) h (73.2875) ijk (54.8332) p (88.3523) q (90.9091)
g: h (97.1429) ijk (89.1496) p (83.871) q (66.6667)
h: ijk (71.1728) p (100) q (97.1429)
ijk: p (75.8621) q (86.5927)
p: q (71.4286)
q:

# imprime_arbol_filogenetico
[(acbgqeopfmlnijkh, 46.7401) [(acbgqeop, 44.8485) [(ac, 35.7143) [a][c]][(bgqeop, 39.2999) [(bgq, 32.0513) [(bg, 21.7391) [b][g]][q]][(eop, 23.0909) [(eo, 14.2857) [e][o]][p]]]][(fmlnijkh, 36.1151) [(fmlnijk, 27.4166) [(fmln, 14.1883) [(fml, 12.1429) [(fm, 10) [f][m]][l]][n]][(ijk, 14.2857) [(ij, 10) [i][j]][k]]][h]]]

