# lee_cjt_especies

# imprime_cjt_especies
a AAAAGATGACCAGCGTAATG
b GCAACCTTTGTGGGCGCAGT
c ACGATTTGCGTAAGCTATGT
d GCTCCTGTCCGTTTCAGCCG
e TACACCATTAACCGGTGGGG

# tabla_distancias
a: b (54.5681) c (64.9385) d (54.3542) e (55.8198)
b: c (56.7613) d (56.1073) e (60.8301)
c: d (58.0845) e (53.2045)
d: e (52.8977)
e:

# imprime_arbol_filogenetico
[(adebc, 20.9871) [(adeb, 21.0563) [(ade, 21.5438) [a][(de, 26.4489) [d][e]]][b]][c]]

# crea_especie f GAAAAAAAAAAAAAAAAAAAAA

# crea_especie g AAAAAAAAAAAAAAAAAAAAAA

# imprime_cjt_especies
a AAAAGATGACCAGCGTAATG
b GCAACCTTTGTGGGCGCAGT
c ACGATTTGCGTAAGCTATGT
d GCTCCTGTCCGTTTCAGCCG
e TACACCATTAACCGGTGGGG
f GAAAAAAAAAAAAAAAAAAAAA
g AAAAAAAAAAAAAAAAAAAAAA

# tabla_distancias
a: b (54.5681) c (64.9385) d (54.3542) e (55.8198) f (64.0012) g (64.0219)
b: c (56.7613) d (56.1073) e (60.8301) f (50) g (50)
c: d (58.0845) e (53.2045) f (50) g (50)
d: e (52.8977) f (50) g (50)
e: f (50) g (50)
f: g (98.3262)
g:

# imprime_arbol_filogenetico
[(abfdceg, 19.3022) [a][(bfdceg, 16.859) [(bfdce, 17.5041) [(bfdc, 19.3728) [(bfd, 21.4802) [(bf, 25) [b][f]][d]][c]][e]][g]]]

# elimina_especie nuevo1
ERROR: La especie nuevo1 no existe.

# crea_especie nuevo1 TTTAAACCCGGG

# inicializa_clusters
a: b (54.5681) c (64.9385) d (54.3542) e (55.8198) f (64.0012) g (64.0219) nuevo1 (58.6918)
b: c (56.7613) d (56.1073) e (60.8301) f (50) g (50) nuevo1 (59.1277)
c: d (58.0845) e (53.2045) f (50) g (50) nuevo1 (54.7628)
d: e (52.8977) f (50) g (50) nuevo1 (56.4829)
e: f (50) g (50) nuevo1 (70.7539)
f: g (98.3262) nuevo1 (60.227)
g: nuevo1 (60.2416)
nuevo1:

# elimina_especie a

# imprime_cjt_especies
b GCAACCTTTGTGGGCGCAGT
c ACGATTTGCGTAAGCTATGT
d GCTCCTGTCCGTTTCAGCCG
e TACACCATTAACCGGTGGGG
f GAAAAAAAAAAAAAAAAAAAAA
g AAAAAAAAAAAAAAAAAAAAAA
nuevo1 TTTAAACCCGGG

# tabla_distancias
b: c (56.7613) d (56.1073) e (60.8301) f (50) g (50) nuevo1 (59.1277)
c: d (58.0845) e (53.2045) f (50) g (50) nuevo1 (54.7628)
d: e (52.8977) f (50) g (50) nuevo1 (56.4829)
e: f (50) g (50) nuevo1 (70.7539)
f: g (98.3262) nuevo1 (60.227)
g: nuevo1 (60.2416)
nuevo1:

# ejecuta_paso_clust
a: bf (46.6013) c (64.9385) d (54.3542) e (55.8198) g (64.0219) nuevo1 (58.6918)
bf: c (43.3964) d (42.9604) e (46.109) g (54.9976) nuevo1 (48.383)
c: d (58.0845) e (53.2045) g (50) nuevo1 (54.7628)
d: e (52.8977) g (50) nuevo1 (56.4829)
e: g (50) nuevo1 (70.7539)
g: nuevo1 (60.2416)
nuevo1:

# imprime_cluster c
[c]

# ejecuta_paso_clust
a: bfd (39.6389) c (64.9385) e (55.8198) g (64.0219) nuevo1 (58.6918)
bfd: c (38.7457) e (38.8251) g (43.785) nuevo1 (41.5362)
c: e (53.2045) g (50) nuevo1 (54.7628)
e: g (50) nuevo1 (70.7539)
g: nuevo1 (60.2416)
nuevo1:

# imprime_cluster g
[g]

# imprime_cluster cg
ERROR: El cluster cg no existe.

# imprime_cluster nuevo1
[nuevo1]

# ejecuta_paso_clust
a: bfdc (39.4619) e (55.8198) g (64.0219) nuevo1 (58.6918)
bfdc: e (35.0081) g (37.2465) nuevo1 (37.3349)
e: g (50) nuevo1 (70.7539)
g: nuevo1 (60.2416)
nuevo1:

# ejecuta_paso_clust
a: bfdce (37.135) g (64.0219) nuevo1 (58.6918)
bfdce: g (33.7181) nuevo1 (40.695)
g: nuevo1 (60.2416)
nuevo1:

# imprime_cluster bfdec
ERROR: El cluster bfdec no existe.

# crea_especie nuevo2 AATCTGGCTCTGAATAAGACCCAGTATCAAGCCTTACCA

# ejecuta_paso_clust
a: bfdceg (38.6044) nuevo1 (58.6918)
bfdceg: nuevo1 (39.7176)
nuevo1:

# ejecuta_paso_clust
abfdceg: nuevo1 (43.7883)
nuevo1:

# imprime_cluster a
ERROR: El cluster a no existe.

# inicializa_clusters
b: c (56.7613) d (56.1073) e (60.8301) f (50) g (50) nuevo1 (59.1277) nuevo2 (59.0932)
c: d (58.0845) e (53.2045) f (50) g (50) nuevo1 (54.7628) nuevo2 (57.4211)
d: e (52.8977) f (50) g (50) nuevo1 (56.4829) nuevo2 (58.659)
e: f (50) g (50) nuevo1 (70.7539) nuevo2 (59.65)
f: g (98.3262) nuevo1 (60.227) nuevo2 (50.2343)
g: nuevo1 (60.2416) nuevo2 (50)
nuevo1: nuevo2 (57.1064)
nuevo2:

# crea_especie nuevo2 AAA
ERROR: La especie nuevo2 ya existe.

# imprime_arbol_filogenetico
[(bfdcegnuevo2nuevo1, 19.0033) [(bfdcegnuevo2, 16.8912) [(bfdceg, 16.859) [(bfdce, 17.5041) [(bfdc, 19.3728) [(bfd, 21.4802) [(bf, 25) [b][f]][d]][c]][e]][g]][nuevo2]][nuevo1]]

# lee_cjt_especies

# imprime_cjt_especies

# tabla_distancias

# imprime_arbol_filogenetico
ERROR: El conjunto de clusters es vacio.

# ejecuta_paso_clust
ERROR: num_clusters <= 1

# crea_especie pangolin AAAAAAAAAAAAAAAAAAAAAAAAAAAAAA

# imprime_cjt_especies
pangolin AAAAAAAAAAAAAAAAAAAAAAAAAAAAAA

# tabla_distancias
pangolin:

# obtener_gen pangolin
AAAAAAAAAAAAAAAAAAAAAAAAAAAAAA

# imprime_arbol_filogenetico
[pangolin]

# ejecuta_paso_clust
ERROR: num_clusters <= 1

