This file contains any messages produced by compilers while
running configure, to aid debugging if configure makes a mistake.

It was created by opcodes configure 2.26.51, which was
generated by GNU Autoconf 2.64.  Invocation command line was

  $ /mnt/c/Users/rguix/Desktop/GameEDA/gdb-7.11/opcodes/configure --srcdir=.././opcodes --cache-file=./config.cache --program-transform-name=s,y,y, --disable-option-checking --build=x86_64-pc-linux-gnu --host=x86_64-pc-linux-gnu --target=x86_64-pc-linux-gnu

## --------- ##
## Platform. ##
## --------- ##

hostname = LAPTOP-U4H62QNT
uname -m = x86_64
uname -r = 4.4.0-19041-Microsoft
uname -s = Linux
uname -v = #488-Microsoft Mon Sep 01 13:43:00 PST 2020

/usr/bin/uname -p = x86_64
/bin/uname -X     = unknown

/bin/arch              = x86_64
/usr/bin/arch -k       = unknown
/usr/convex/getsysinfo = unknown
/usr/bin/hostinfo      = unknown
/bin/machine           = unknown
/usr/bin/oslevel       = unknown
/bin/universe          = unknown

PATH: /usr/local/sbin
PATH: /usr/local/bin
PATH: /usr/sbin
PATH: /usr/bin
PATH: /sbin
PATH: /bin
PATH: /usr/games
PATH: /usr/local/games
PATH: /mnt/c/Program Files (x86)/Intel/iCLS Client/
PATH: /mnt/c/Program Files/Intel/iCLS Client/
PATH: /mnt/c/windows/system32
PATH: /mnt/c/windows
PATH: /mnt/c/windows/System32/Wbem
PATH: /mnt/c/windows/System32/WindowsPowerShell/v1.0/
PATH: /mnt/c/Program Files (x86)/Intel/Intel(R) Management Engine Components/DAL
PATH: /mnt/c/Program Files/Intel/Intel(R) Management Engine Components/DAL
PATH: /mnt/c/Program Files (x86)/Intel/Intel(R) Management Engine Components/IPT
PATH: /mnt/c/Program Files/Intel/Intel(R) Management Engine Components/IPT
PATH: /mnt/c/Program Files (x86)/NVIDIA Corporation/PhysX/Common
PATH: /mnt/c/Program Files/Intel/WiFi/bin/
PATH: /mnt/c/Program Files/Common Files/Intel/WirelessCommon/
PATH: /mnt/c/WINDOWS/system32
PATH: /mnt/c/WINDOWS
PATH: /mnt/c/WINDOWS/System32/Wbem
PATH: /mnt/c/WINDOWS/System32/WindowsPowerShell/v1.0/
PATH: /mnt/c/WINDOWS/System32/OpenSSH/
PATH: /mnt/c/Program Files/Microchip/xc8/v2.30/bin
PATH: /mnt/c/Users/rguix/AppData/Local/Microsoft/WindowsApps
PATH: /mnt/c/Users/rguix/spicetify-cli
PATH: /mnt/c/Users/rguix/AppData/Local/Programs/Microsoft VS Code/bin
PATH: /mnt/c/Program Files/mingw-w64/x86_64-8.1.0-posix-seh-rt_v6-rev0
PATH: /mnt/c/Program Files/mingw-w64/x86_64-8.1.0-posix-seh-rt_v6-rev0/bin/g++.exe
PATH: /mnt/c/MinGW/bin
PATH: /snap/bin


## ----------- ##
## Core tests. ##
## ----------- ##

configure:2180: creating cache ./config.cache
configure:2285: checking build system type
configure:2299: result: x86_64-pc-linux-gnu
configure:2319: checking host system type
configure:2332: result: x86_64-pc-linux-gnu
configure:2352: checking target system type
configure:2365: result: x86_64-pc-linux-gnu
configure:2399: checking for x86_64-pc-linux-gnu-gcc
configure:2426: result: gcc
configure:2695: checking for C compiler version
configure:2704: gcc --version >&5
gcc (Ubuntu 9.3.0-10ubuntu2) 9.3.0
Copyright (C) 2019 Free Software Foundation, Inc.
This is free software; see the source for copying conditions.  There is NO
warranty; not even for MERCHANTABILITY or FITNESS FOR A PARTICULAR PURPOSE.

configure:2715: $? = 0
configure:2704: gcc -v >&5
Using built-in specs.
COLLECT_GCC=gcc
COLLECT_LTO_WRAPPER=/usr/lib/gcc/x86_64-linux-gnu/9/lto-wrapper
OFFLOAD_TARGET_NAMES=nvptx-none:hsa
OFFLOAD_TARGET_DEFAULT=1
Target: x86_64-linux-gnu
Configured with: ../src/configure -v --with-pkgversion='Ubuntu 9.3.0-10ubuntu2' --with-bugurl=file:///usr/share/doc/gcc-9/README.Bugs --enable-languages=c,ada,c++,go,brig,d,fortran,objc,obj-c++,gm2 --prefix=/usr --with-gcc-major-version-only --program-suffix=-9 --program-prefix=x86_64-linux-gnu- --enable-shared --enable-linker-build-id --libexecdir=/usr/lib --without-included-gettext --enable-threads=posix --libdir=/usr/lib --enable-nls --enable-clocale=gnu --enable-libstdcxx-debug --enable-libstdcxx-time=yes --with-default-libstdcxx-abi=new --enable-gnu-unique-object --disable-vtable-verify --enable-plugin --enable-default-pie --with-system-zlib --with-target-system-zlib=auto --enable-objc-gc=auto --enable-multiarch --disable-werror --with-arch-32=i686 --with-abi=m64 --with-multilib-list=m32,m64,mx32 --enable-multilib --with-tune=generic --enable-offload-targets=nvptx-none,hsa --without-cuda-driver --enable-checking=release --build=x86_64-linux-gnu --host=x86_64-linux-gnu --target=x86_64-linux-gnu
Thread model: posix
gcc version 9.3.0 (Ubuntu 9.3.0-10ubuntu2) 
configure:2715: $? = 0
configure:2704: gcc -V >&5
gcc: error: unrecognized command line option '-V'
gcc: fatal error: no input files
compilation terminated.
configure:2715: $? = 1
configure:2704: gcc -qversion >&5
gcc: error: unrecognized command line option '-qversion'; did you mean '--version'?
gcc: fatal error: no input files
compilation terminated.
configure:2715: $? = 1
configure:2735: checking for C compiler default output file name
configure:2757: gcc -g -O2  -static-libstdc++ -static-libgcc  conftest.c  >&5
configure:2761: $? = 0
configure:2798: result: a.out
configure:2814: checking whether the C compiler works
configure:2823: ./a.out
configure:2827: $? = 0
configure:2842: result: yes
configure:2849: checking whether we are cross compiling
configure:2851: result: no
configure:2854: checking for suffix of executables
configure:2861: gcc -o conftest -g -O2  -static-libstdc++ -static-libgcc  conftest.c  >&5
configure:2865: $? = 0
configure:2887: result: 
configure:2893: checking for suffix of object files
configure:2915: gcc -c -g -O2  conftest.c >&5
configure:2919: $? = 0
configure:2940: result: o
configure:2944: checking whether we are using the GNU C compiler
configure:2963: gcc -c -g -O2  conftest.c >&5
configure:2963: $? = 0
configure:2972: result: yes
configure:2981: checking whether gcc accepts -g
configure:3001: gcc -c -g  conftest.c >&5
configure:3001: $? = 0
configure:3042: result: yes
configure:3059: checking for gcc option to accept ISO C89
configure:3123: gcc  -c -g -O2  conftest.c >&5
configure:3123: $? = 0
configure:3136: result: none needed
configure:3157: checking for library containing strerror
configure:3188: gcc -o conftest -g -O2  -static-libstdc++ -static-libgcc  conftest.c  >&5
configure:3188: $? = 0
configure:3205: result: none required
configure:3230: checking for a BSD-compatible install
configure:3298: result: /usr/bin/install -c
configure:3309: checking whether build environment is sane
configure:3359: result: yes
configure:3500: checking for a thread-safe mkdir -p
configure:3539: result: /usr/bin/mkdir -p
configure:3552: checking for gawk
configure:3579: result: gawk
configure:3590: checking whether make sets $(MAKE)
configure:3612: result: yes
configure:3642: checking for style of include used by make
configure:3670: result: GNU
configure:3755: checking dependency style of gcc
configure:3865: result: gcc3
configure:3890: checking for x86_64-pc-linux-gnu-gcc
configure:3917: result: gcc
configure:4186: checking for C compiler version
configure:4195: gcc --version >&5
gcc (Ubuntu 9.3.0-10ubuntu2) 9.3.0
Copyright (C) 2019 Free Software Foundation, Inc.
This is free software; see the source for copying conditions.  There is NO
warranty; not even for MERCHANTABILITY or FITNESS FOR A PARTICULAR PURPOSE.

configure:4206: $? = 0
configure:4195: gcc -v >&5
Using built-in specs.
COLLECT_GCC=gcc
COLLECT_LTO_WRAPPER=/usr/lib/gcc/x86_64-linux-gnu/9/lto-wrapper
OFFLOAD_TARGET_NAMES=nvptx-none:hsa
OFFLOAD_TARGET_DEFAULT=1
Target: x86_64-linux-gnu
Configured with: ../src/configure -v --with-pkgversion='Ubuntu 9.3.0-10ubuntu2' --with-bugurl=file:///usr/share/doc/gcc-9/README.Bugs --enable-languages=c,ada,c++,go,brig,d,fortran,objc,obj-c++,gm2 --prefix=/usr --with-gcc-major-version-only --program-suffix=-9 --program-prefix=x86_64-linux-gnu- --enable-shared --enable-linker-build-id --libexecdir=/usr/lib --without-included-gettext --enable-threads=posix --libdir=/usr/lib --enable-nls --enable-clocale=gnu --enable-libstdcxx-debug --enable-libstdcxx-time=yes --with-default-libstdcxx-abi=new --enable-gnu-unique-object --disable-vtable-verify --enable-plugin --enable-default-pie --with-system-zlib --with-target-system-zlib=auto --enable-objc-gc=auto --enable-multiarch --disable-werror --with-arch-32=i686 --with-abi=m64 --with-multilib-list=m32,m64,mx32 --enable-multilib --with-tune=generic --enable-offload-targets=nvptx-none,hsa --without-cuda-driver --enable-checking=release --build=x86_64-linux-gnu --host=x86_64-linux-gnu --target=x86_64-linux-gnu
Thread model: posix
gcc version 9.3.0 (Ubuntu 9.3.0-10ubuntu2) 
configure:4206: $? = 0
configure:4195: gcc -V >&5
gcc: error: unrecognized command line option '-V'
gcc: fatal error: no input files
compilation terminated.
configure:4206: $? = 1
configure:4195: gcc -qversion >&5
gcc: error: unrecognized command line option '-qversion'; did you mean '--version'?
gcc: fatal error: no input files
compilation terminated.
configure:4206: $? = 1
configure:4210: checking whether we are using the GNU C compiler
configure:4238: result: yes
configure:4247: checking whether gcc accepts -g
configure:4308: result: yes
configure:4325: checking for gcc option to accept ISO C89
configure:4402: result: none needed
configure:4427: checking how to run the C preprocessor
configure:4458: gcc -E  conftest.c
configure:4458: $? = 0
configure:4472: gcc -E  conftest.c
conftest.c:11:10: fatal error: ac_nonexistent.h: No such file or directory
   11 | #include <ac_nonexistent.h>
      |          ^~~~~~~~~~~~~~~~~~
compilation terminated.
configure:4472: $? = 1
configure: failed program was:
| /* confdefs.h */
| #define PACKAGE_NAME "opcodes"
| #define PACKAGE_TARNAME "opcodes"
| #define PACKAGE_VERSION "2.26.51"
| #define PACKAGE_STRING "opcodes 2.26.51"
| #define PACKAGE_BUGREPORT ""
| #define PACKAGE_URL ""
| #define PACKAGE "opcodes"
| #define VERSION "2.26.51"
| /* end confdefs.h.  */
| #include <ac_nonexistent.h>
configure:4497: result: gcc -E
configure:4517: gcc -E  conftest.c
configure:4517: $? = 0
configure:4531: gcc -E  conftest.c
conftest.c:11:10: fatal error: ac_nonexistent.h: No such file or directory
   11 | #include <ac_nonexistent.h>
      |          ^~~~~~~~~~~~~~~~~~
compilation terminated.
configure:4531: $? = 1
configure: failed program was:
| /* confdefs.h */
| #define PACKAGE_NAME "opcodes"
| #define PACKAGE_TARNAME "opcodes"
| #define PACKAGE_VERSION "2.26.51"
| #define PACKAGE_STRING "opcodes 2.26.51"
| #define PACKAGE_BUGREPORT ""
| #define PACKAGE_URL ""
| #define PACKAGE "opcodes"
| #define VERSION "2.26.51"
| /* end confdefs.h.  */
| #include <ac_nonexistent.h>
configure:4560: checking for grep that handles long lines and -e
configure:4618: result: /usr/bin/grep
configure:4623: checking for egrep
configure:4685: result: /usr/bin/grep -E
configure:4690: checking for ANSI C header files
configure:4710: gcc -c -g -O2  conftest.c >&5
configure:4710: $? = 0
configure:4783: gcc -o conftest -g -O2  -static-libstdc++ -static-libgcc  conftest.c  >&5
configure:4783: $? = 0
configure:4783: ./conftest
configure:4783: $? = 0
configure:4794: result: yes
configure:4807: checking for sys/types.h
configure:4807: gcc -c -g -O2  conftest.c >&5
configure:4807: $? = 0
configure:4807: result: yes
configure:4807: checking for sys/stat.h
configure:4807: gcc -c -g -O2  conftest.c >&5
configure:4807: $? = 0
configure:4807: result: yes
configure:4807: checking for stdlib.h
configure:4807: gcc -c -g -O2  conftest.c >&5
configure:4807: $? = 0
configure:4807: result: yes
configure:4807: checking for string.h
configure:4807: gcc -c -g -O2  conftest.c >&5
configure:4807: $? = 0
configure:4807: result: yes
configure:4807: checking for memory.h
configure:4807: gcc -c -g -O2  conftest.c >&5
configure:4807: $? = 0
configure:4807: result: yes
configure:4807: checking for strings.h
configure:4807: gcc -c -g -O2  conftest.c >&5
configure:4807: $? = 0
configure:4807: result: yes
configure:4807: checking for inttypes.h
configure:4807: gcc -c -g -O2  conftest.c >&5
configure:4807: $? = 0
configure:4807: result: yes
configure:4807: checking for stdint.h
configure:4807: gcc -c -g -O2  conftest.c >&5
configure:4807: $? = 0
configure:4807: result: yes
configure:4807: checking for unistd.h
configure:4807: gcc -c -g -O2  conftest.c >&5
configure:4807: $? = 0
configure:4807: result: yes
configure:4821: checking minix/config.h usability
configure:4821: gcc -c -g -O2  conftest.c >&5
conftest.c:54:10: fatal error: minix/config.h: No such file or directory
   54 | #include <minix/config.h>
      |          ^~~~~~~~~~~~~~~~
compilation terminated.
configure:4821: $? = 1
configure: failed program was:
| /* confdefs.h */
| #define PACKAGE_NAME "opcodes"
| #define PACKAGE_TARNAME "opcodes"
| #define PACKAGE_VERSION "2.26.51"
| #define PACKAGE_STRING "opcodes 2.26.51"
| #define PACKAGE_BUGREPORT ""
| #define PACKAGE_URL ""
| #define PACKAGE "opcodes"
| #define VERSION "2.26.51"
| #define STDC_HEADERS 1
| #define HAVE_SYS_TYPES_H 1
| #define HAVE_SYS_STAT_H 1
| #define HAVE_STDLIB_H 1
| #define HAVE_STRING_H 1
| #define HAVE_MEMORY_H 1
| #define HAVE_STRINGS_H 1
| #define HAVE_INTTYPES_H 1
| #define HAVE_STDINT_H 1
| #define HAVE_UNISTD_H 1
| /* end confdefs.h.  */
| #include <stdio.h>
| #ifdef HAVE_SYS_TYPES_H
| # include <sys/types.h>
| #endif
| #ifdef HAVE_SYS_STAT_H
| # include <sys/stat.h>
| #endif
| #ifdef STDC_HEADERS
| # include <stdlib.h>
| # include <stddef.h>
| #else
| # ifdef HAVE_STDLIB_H
| #  include <stdlib.h>
| # endif
| #endif
| #ifdef HAVE_STRING_H
| # if !defined STDC_HEADERS && defined HAVE_MEMORY_H
| #  include <memory.h>
| # endif
| # include <string.h>
| #endif
| #ifdef HAVE_STRINGS_H
| # include <strings.h>
| #endif
| #ifdef HAVE_INTTYPES_H
| # include <inttypes.h>
| #endif
| #ifdef HAVE_STDINT_H
| # include <stdint.h>
| #endif
| #ifdef HAVE_UNISTD_H
| # include <unistd.h>
| #endif
| #include <minix/config.h>
configure:4821: result: no
configure:4821: checking minix/config.h presence
configure:4821: gcc -E  conftest.c
conftest.c:21:10: fatal error: minix/config.h: No such file or directory
   21 | #include <minix/config.h>
      |          ^~~~~~~~~~~~~~~~
compilation terminated.
configure:4821: $? = 1
configure: failed program was:
| /* confdefs.h */
| #define PACKAGE_NAME "opcodes"
| #define PACKAGE_TARNAME "opcodes"
| #define PACKAGE_VERSION "2.26.51"
| #define PACKAGE_STRING "opcodes 2.26.51"
| #define PACKAGE_BUGREPORT ""
| #define PACKAGE_URL ""
| #define PACKAGE "opcodes"
| #define VERSION "2.26.51"
| #define STDC_HEADERS 1
| #define HAVE_SYS_TYPES_H 1
| #define HAVE_SYS_STAT_H 1
| #define HAVE_STDLIB_H 1
| #define HAVE_STRING_H 1
| #define HAVE_MEMORY_H 1
| #define HAVE_STRINGS_H 1
| #define HAVE_INTTYPES_H 1
| #define HAVE_STDINT_H 1
| #define HAVE_UNISTD_H 1
| /* end confdefs.h.  */
| #include <minix/config.h>
configure:4821: result: no
configure:4821: checking for minix/config.h
configure:4821: result: no
configure:4842: checking whether it is safe to define __EXTENSIONS__
configure:4860: gcc -c -g -O2  conftest.c >&5
configure:4860: $? = 0
configure:4867: result: yes
configure:4887: checking for x86_64-pc-linux-gnu-ar
configure:4914: result: ar
configure:4979: checking for x86_64-pc-linux-gnu-ranlib
configure:5006: result: ranlib
configure:5147: checking how to print strings
configure:5174: result: printf
configure:5195: checking for a sed that does not truncate output
configure:5259: result: /usr/bin/sed
configure:5277: checking for fgrep
configure:5339: result: /usr/bin/grep -F
configure:5374: checking for ld used by gcc
configure:5441: result: ld
configure:5448: checking if the linker (ld) is GNU ld
configure:5463: result: yes
configure:5475: checking for BSD- or MS-compatible name lister (nm)
configure:5524: result: nm
configure:5654: checking the name lister (nm) interface
configure:5661: gcc -c -g -O2  conftest.c >&5
configure:5664: nm "conftest.o"
configure:5667: output
0000000000000000 B some_variable
configure:5668: result: BSD nm
configure:5671: checking whether ln -s works
configure:5675: result: yes
configure:5683: checking the maximum length of command line arguments
configure:5808: result: 1572864
configure:5825: checking whether the shell understands some XSI constructs
configure:5834: result: yes
configure:5838: checking whether the shell understands "+="
configure:5842: result: yes
configure:5877: checking for ld option to reload object files
configure:5884: result: -r
configure:5913: checking for x86_64-pc-linux-gnu-objdump
configure:5940: result: objdump
configure:6012: checking how to recognize dependent libraries
configure:6213: result: pass_all
configure:6233: checking for x86_64-pc-linux-gnu-ar
configure:6260: result: ar
configure:6338: checking for x86_64-pc-linux-gnu-strip
configure:6368: result: no
configure:6378: checking for strip
configure:6394: found /usr/bin/strip
configure:6405: result: strip
configure:6437: checking for x86_64-pc-linux-gnu-ranlib
configure:6464: result: ranlib
configure:6606: checking command to parse nm output from gcc object
configure:6724: gcc -c -g -O2  conftest.c >&5
configure:6727: $? = 0
configure:6731: nm conftest.o \| sed -n -e 's/^.*[ ]\([ABCDGIRSTW][ABCDGIRSTW]*\)[ ][ ]*\([_A-Za-z][_A-Za-z0-9]*\)$/\1 \2 \2/p' \> conftest.nm
configure:6734: $? = 0
configure:6788: gcc -o conftest -g -O2  -static-libstdc++ -static-libgcc  conftest.c conftstm.o >&5
configure:6791: $? = 0
configure:6829: result: ok
configure:6924: gcc -c -g -O2  conftest.c >&5
configure:6927: $? = 0
configure:7677: checking for dlfcn.h
configure:7677: gcc -c -g -O2  conftest.c >&5
configure:7677: $? = 0
configure:7677: result: yes
configure:7834: checking for objdir
configure:7849: result: .libs
configure:8120: checking if gcc supports -fno-rtti -fno-exceptions
configure:8138: gcc -c -g -O2  -fno-rtti -fno-exceptions conftest.c >&5
cc1: warning: command line option '-fno-rtti' is valid for C++/D/ObjC++ but not for C
configure:8142: $? = 0
configure:8155: result: no
configure:8175: checking for gcc option to produce PIC
configure:8461: result: -fPIC -DPIC
configure:8473: checking if gcc PIC flag -fPIC -DPIC works
configure:8491: gcc -c -g -O2  -fPIC -DPIC -DPIC conftest.c >&5
configure:8495: $? = 0
configure:8508: result: yes
configure:8532: checking if gcc static flag -static works
configure:8560: result: yes
configure:8575: checking if gcc supports -c -o file.o
configure:8596: gcc -c -g -O2  -o out/conftest2.o conftest.c >&5
configure:8600: $? = 0
configure:8622: result: yes
configure:8630: checking if gcc supports -c -o file.o
configure:8677: result: yes
configure:8710: checking whether the gcc linker (ld -m elf_x86_64) supports shared libraries
configure:9781: result: yes
configure:10026: checking dynamic linker characteristics
configure:10477: gcc -o conftest -g -O2  -static-libstdc++ -static-libgcc  -Wl,-rpath -Wl,/foo conftest.c  >&5
configure:10477: $? = 0
configure:10699: result: GNU/Linux ld.so
configure:10806: checking how to hardcode library paths into programs
configure:10831: result: immediate
configure:11371: checking whether stripping libraries is possible
configure:11376: result: yes
configure:11411: checking if libtool supports shared libraries
configure:11413: result: yes
configure:11416: checking whether to build shared libraries
configure:11437: result: no
configure:11440: checking whether to build static libraries
configure:11444: result: yes
configure:8730: checking whether gcc supports -Wmissing-field-initializers
configure:8747: gcc -c -Wmissing-field-initializers  conftest.c >&5
configure:8747: $? = 0
configure:8756: result: yes
configure:8782: checking whether to enable maintainer-specific portions of Makefiles
configure:8791: result: no
configure:8819: checking whether to install libbfd
configure:8832: result: yes
configure:8878: checking whether NLS is requested
configure:8884: result: yes
configure:8890: checking for catalogs to be installed
configure:8922: result:  da de es fi fr ga id it nl pt_BR ro sv tr uk vi zh_CN da de es fi fr ga id it nl pt_BR ro sv tr uk vi zh_CN
configure:8949: checking whether NLS is requested
configure:8958: result: yes
configure:8996: checking for msgfmt
configure:9030: result: no
configure:9036: checking for gmsgfmt
configure:9067: result: :
configure:9107: checking for xgettext
configure:9141: result: no
configure:9178: checking for msgmerge
configure:9211: result: no
configure:9290: checking for string.h
configure:9290: result: yes
configure:9290: checking for strings.h
configure:9290: result: yes
configure:9290: checking for stdlib.h
configure:9290: result: yes
configure:9290: checking limits.h usability
configure:9290: gcc -c -g -O2  conftest.c >&5
configure:9290: $? = 0
configure:9290: result: yes
configure:9290: checking limits.h presence
configure:9290: gcc -E  conftest.c
configure:9290: $? = 0
configure:9290: result: yes
configure:9290: checking for limits.h
configure:9290: result: yes
configure:9301: checking whether string.h and strings.h may both be included
configure:9318: gcc -c -g -O2  conftest.c >&5
configure:9318: $? = 0
configure:9325: result: yes
configure:9334: checking whether basename is declared
configure:9334: gcc -c -g -O2  conftest.c >&5
configure:9334: $? = 0
configure:9334: result: yes
configure:9344: checking whether stpcpy is declared
configure:9344: gcc -c -g -O2  conftest.c >&5
configure:9344: $? = 0
configure:9344: result: yes
configure:9358: checking for sigsetjmp
configure:9376: gcc -c -g -O2  conftest.c >&5
configure:9376: $? = 0
configure:9383: result: 
configure:9421: checking linker --as-needed support
configure:9432: result: yes
configure:9523: checking for cos in -lm
configure:9548: gcc -o conftest -g -O2  -static-libstdc++ -static-libgcc  conftest.c -lm   >&5
conftest.c:44:6: warning: conflicting types for built-in function 'cos'; expected 'double(double)' [-Wbuiltin-declaration-mismatch]
   44 | char cos ();
      |      ^~~
conftest.c:1:1: note: 'cos' is declared in header '<math.h>'
    1 | /* confdefs.h */
configure:9548: $? = 0
configure:9557: result: yes
configure:9884: updating cache ./config.cache
configure:9949: creating ./config.status

## ---------------------- ##
## Running config.status. ##
## ---------------------- ##

This file was extended by opcodes config.status 2.26.51, which was
generated by GNU Autoconf 2.64.  Invocation command line was

  CONFIG_FILES    = 
  CONFIG_HEADERS  = 
  CONFIG_LINKS    = 
  CONFIG_COMMANDS = 
  $ ./config.status 

on LAPTOP-U4H62QNT

config.status:1126: creating Makefile
config.status:1126: creating po/Makefile.in
config.status:1126: creating config.h
config.status:1346: executing depfiles commands
config.status:1346: executing libtool commands
config.status:1346: executing default-1 commands

## ---------------- ##
## Cache variables. ##
## ---------------- ##

ac_cv_build=x86_64-pc-linux-gnu
ac_cv_c_compiler_gnu=yes
ac_cv_env_CC_set=set
ac_cv_env_CC_value=gcc
ac_cv_env_CFLAGS_set=set
ac_cv_env_CFLAGS_value='-g -O2'
ac_cv_env_CPPFLAGS_set=
ac_cv_env_CPPFLAGS_value=
ac_cv_env_CPP_set=
ac_cv_env_CPP_value=
ac_cv_env_LDFLAGS_set=set
ac_cv_env_LDFLAGS_value='-static-libstdc++ -static-libgcc '
ac_cv_env_LIBS_set=
ac_cv_env_LIBS_value=
ac_cv_env_build_alias_set=set
ac_cv_env_build_alias_value=x86_64-pc-linux-gnu
ac_cv_env_host_alias_set=set
ac_cv_env_host_alias_value=x86_64-pc-linux-gnu
ac_cv_env_target_alias_set=set
ac_cv_env_target_alias_value=x86_64-pc-linux-gnu
ac_cv_have_decl_basename=yes
ac_cv_have_decl_stpcpy=yes
ac_cv_header_dlfcn_h=yes
ac_cv_header_inttypes_h=yes
ac_cv_header_limits_h=yes
ac_cv_header_memory_h=yes
ac_cv_header_minix_config_h=no
ac_cv_header_stdc=yes
ac_cv_header_stdint_h=yes
ac_cv_header_stdlib_h=yes
ac_cv_header_string_h=yes
ac_cv_header_strings_h=yes
ac_cv_header_sys_stat_h=yes
ac_cv_header_sys_types_h=yes
ac_cv_header_unistd_h=yes
ac_cv_host=x86_64-pc-linux-gnu
ac_cv_lib_m_cos=yes
ac_cv_objext=o
ac_cv_path_EGREP='/usr/bin/grep -E'
ac_cv_path_FGREP='/usr/bin/grep -F'
ac_cv_path_GMSGFMT=:
ac_cv_path_GREP=/usr/bin/grep
ac_cv_path_MSGFMT=:
ac_cv_path_MSGMERGE=:
ac_cv_path_SED=/usr/bin/sed
ac_cv_path_XGETTEXT=:
ac_cv_path_mkdir=/usr/bin/mkdir
ac_cv_prog_AR=ar
ac_cv_prog_AWK=gawk
ac_cv_prog_CC=gcc
ac_cv_prog_CPP='gcc -E'
ac_cv_prog_OBJDUMP=objdump
ac_cv_prog_RANLIB=ranlib
ac_cv_prog_ac_ct_STRIP=strip
ac_cv_prog_cc_c89=
ac_cv_prog_cc_g=yes
ac_cv_prog_make_make_set=yes
ac_cv_safe_to_define___extensions__=yes
ac_cv_search_strerror='none required'
ac_cv_target=x86_64-pc-linux-gnu
acx_cv_prog_cc_warning__Wmissing_field_initializers=yes
am_cv_CC_dependencies_compiler_type=gcc3
bfd_cv_func_sigsetjmp=yes
bfd_cv_ld_as_needed=yes
gcc_cv_header_string=yes
lt_cv_deplibs_check_method=pass_all
lt_cv_file_magic_cmd='$MAGIC_CMD'
lt_cv_file_magic_test_file=
lt_cv_ld_reload_flag=-r
lt_cv_nm_interface='BSD nm'
lt_cv_objdir=.libs
lt_cv_path_LD=ld
lt_cv_path_NM=nm
lt_cv_prog_compiler_c_o=yes
lt_cv_prog_compiler_pic_works=yes
lt_cv_prog_compiler_rtti_exceptions=no
lt_cv_prog_compiler_static_works=yes
lt_cv_prog_gnu_ld=yes
lt_cv_shlibpath_overrides_runpath=yes
lt_cv_sys_global_symbol_pipe='sed -n -e '\''s/^.*[	 ]\([ABCDGIRSTW][ABCDGIRSTW]*\)[	 ][	 ]*\([_A-Za-z][_A-Za-z0-9]*\)$/\1 \2 \2/p'\'''
lt_cv_sys_global_symbol_to_c_name_address='sed -n -e '\''s/^: \([^ ]*\) $/  {\"\1\", (void *) 0},/p'\'' -e '\''s/^[ABCDGIRSTW]* \([^ ]*\) \([^ ]*\)$/  {"\2", (void *) \&\2},/p'\'''
lt_cv_sys_global_symbol_to_c_name_address_lib_prefix='sed -n -e '\''s/^: \([^ ]*\) $/  {\"\1\", (void *) 0},/p'\'' -e '\''s/^[ABCDGIRSTW]* \([^ ]*\) \(lib[^ ]*\)$/  {"\2", (void *) \&\2},/p'\'' -e '\''s/^[ABCDGIRSTW]* \([^ ]*\) \([^ ]*\)$/  {"lib\2", (void *) \&\2},/p'\'''
lt_cv_sys_global_symbol_to_cdecl='sed -n -e '\''s/^T .* \(.*\)$/extern int \1();/p'\'' -e '\''s/^[ABCDGIRSTW]* .* \(.*\)$/extern char \1;/p'\'''
lt_cv_sys_max_cmd_len=1572864

## ----------------- ##
## Output variables. ##
## ----------------- ##

ACLOCAL='${SHELL} /mnt/c/Users/rguix/Desktop/GameEDA/gdb-7.11/missing --run aclocal-1.11'
AMDEPBACKSLASH='\'
AMDEP_FALSE='#'
AMDEP_TRUE=''
AMTAR='${SHELL} /mnt/c/Users/rguix/Desktop/GameEDA/gdb-7.11/missing --run tar'
AR='ar'
AUTOCONF='${SHELL} /mnt/c/Users/rguix/Desktop/GameEDA/gdb-7.11/missing --run autoconf'
AUTOHEADER='${SHELL} /mnt/c/Users/rguix/Desktop/GameEDA/gdb-7.11/missing --run autoheader'
AUTOMAKE='${SHELL} /mnt/c/Users/rguix/Desktop/GameEDA/gdb-7.11/missing --run automake-1.11'
AWK='gawk'
BFD_MACHINES=' i386-dis.lo i386-opc.lo'
BUILD_LIBS='../libiberty/libiberty.a '
BUILD_LIB_DEPS='../libiberty/libiberty.a '
CATALOGS=' da.gmo de.gmo es.gmo fi.gmo fr.gmo ga.gmo id.gmo it.gmo nl.gmo pt_BR.gmo ro.gmo sv.gmo tr.gmo uk.gmo vi.gmo zh_CN.gmo da.gmo de.gmo es.gmo fi.gmo fr.gmo ga.gmo id.gmo it.gmo nl.gmo pt_BR.gmo ro.gmo sv.gmo tr.gmo uk.gmo vi.gmo zh_CN.gmo'
CATOBJEXT='.gmo'
CC='gcc'
CCDEPMODE='depmode=gcc3'
CC_FOR_BUILD='gcc'
CFLAGS='-g -O2'
CGEN_MAINT_FALSE=''
CGEN_MAINT_TRUE='#'
CPP='gcc -E'
CPPFLAGS=''
CYGPATH_W='echo'
DATADIRNAME='share'
DEFS='-DHAVE_CONFIG_H'
DEPDIR='.deps'
DSYMUTIL=''
DUMPBIN=''
ECHO_C=''
ECHO_N='-n'
ECHO_T=''
EGREP='/usr/bin/grep -E'
EXEEXT=''
EXEEXT_FOR_BUILD='$(EXEEXT)'
FGREP='/usr/bin/grep -F'
GENCAT='gencat'
GMSGFMT=':'
GREP='/usr/bin/grep'
HDEFINES=''
INCINTL=''
INSTALL_DATA='/usr/bin/install -c -m 644'
INSTALL_LIBBFD_FALSE='#'
INSTALL_LIBBFD_TRUE=''
INSTALL_PROGRAM='/usr/bin/install -c'
INSTALL_SCRIPT='/usr/bin/install -c'
INSTALL_STRIP_PROGRAM='$(install_sh) -c -s'
INSTOBJEXT='.mo'
LD='ld -m elf_x86_64'
LDFLAGS='-static-libstdc++ -static-libgcc '
LIBINTL=''
LIBINTL_DEP=''
LIBM='-lm'
LIBOBJS=''
LIBS=''
LIBTOOL='$(SHELL) $(top_builddir)/libtool'
LIPO=''
LN_S='ln -s'
LTLIBOBJS=''
MAINT='#'
MAINTAINER_MODE_FALSE=''
MAINTAINER_MODE_TRUE='#'
MAKEINFO='/mnt/c/Users/rguix/Desktop/GameEDA/gdb-7.11/missing makeinfo --split-size=5000000'
MKDIR_P='/usr/bin/mkdir -p'
MKINSTALLDIRS='$(top_builddir)/./../mkinstalldirs'
MSGFMT=':'
MSGMERGE=':'
NM='nm'
NMEDIT=''
NO_WERROR=''
NO_WMISSING_FIELD_INITIALIZERS='-Wno-missing-field-initializers'
OBJDUMP='objdump'
OBJEXT='o'
OTOOL64=''
OTOOL=''
PACKAGE='opcodes'
PACKAGE_BUGREPORT=''
PACKAGE_NAME='opcodes'
PACKAGE_STRING='opcodes 2.26.51'
PACKAGE_TARNAME='opcodes'
PACKAGE_URL=''
PACKAGE_VERSION='2.26.51'
PATH_SEPARATOR=':'
POSUB='po'
RANLIB='ranlib'
SED='/usr/bin/sed'
SET_MAKE=''
SHARED_DEPENDENCIES=''
SHARED_LDFLAGS=''
SHARED_LIBADD=''
SHELL='/bin/bash'
STRIP='strip'
USE_NLS='yes'
VERSION='2.26.51'
WARN_CFLAGS='-W -Wall -Wstrict-prototypes -Wmissing-prototypes -Wshadow'
XGETTEXT=':'
ac_ct_CC=''
ac_ct_DUMPBIN=''
am__EXEEXT_FALSE=''
am__EXEEXT_TRUE='#'
am__fastdepCC_FALSE='#'
am__fastdepCC_TRUE=''
am__include='include'
am__isrc=''
am__leading_dot='.'
am__quote=''
am__tar='${AMTAR} chof - "$$tardir"'
am__untar='${AMTAR} xf -'
archdefs=' -DARCH_i386 -DARCH_iamcu -DARCH_l1om -DARCH_k1om'
bfdincludedir='$(includedir)'
bfdlibdir='$(libdir)'
bindir='${exec_prefix}/bin'
build='x86_64-pc-linux-gnu'
build_alias='x86_64-pc-linux-gnu'
build_cpu='x86_64'
build_os='linux-gnu'
build_vendor='pc'
cgendir='$(srcdir)/../cgen'
datadir='${datarootdir}'
datarootdir='${prefix}/share'
docdir='${datarootdir}/doc/${PACKAGE_TARNAME}'
dvidir='${docdir}'
exec_prefix='${prefix}'
host='x86_64-pc-linux-gnu'
host_alias='x86_64-pc-linux-gnu'
host_cpu='x86_64'
host_noncanonical='x86_64-pc-linux-gnu'
host_os='linux-gnu'
host_vendor='pc'
htmldir='${docdir}'
includedir='${prefix}/include'
infodir='${datarootdir}/info'
install_sh='${SHELL} /mnt/c/Users/rguix/Desktop/GameEDA/gdb-7.11/install-sh'
libdir='${exec_prefix}/lib'
libexecdir='${exec_prefix}/libexec'
localedir='${datarootdir}/locale'
localstatedir='${prefix}/var'
mandir='${datarootdir}/man'
mkdir_p='/usr/bin/mkdir -p'
oldincludedir='/usr/include'
pdfdir='${docdir}'
prefix='/usr/local'
program_transform_name='s,y,y,'
psdir='${docdir}'
sbindir='${exec_prefix}/sbin'
sharedstatedir='${prefix}/com'
sysconfdir='${prefix}/etc'
target='x86_64-pc-linux-gnu'
target_alias='x86_64-pc-linux-gnu'
target_cpu='x86_64'
target_noncanonical='x86_64-pc-linux-gnu'
target_os='linux-gnu'
target_vendor='pc'

## ----------- ##
## confdefs.h. ##
## ----------- ##

/* confdefs.h */
#define PACKAGE_NAME "opcodes"
#define PACKAGE_TARNAME "opcodes"
#define PACKAGE_VERSION "2.26.51"
#define PACKAGE_STRING "opcodes 2.26.51"
#define PACKAGE_BUGREPORT ""
#define PACKAGE_URL ""
#define PACKAGE "opcodes"
#define VERSION "2.26.51"
#define STDC_HEADERS 1
#define HAVE_SYS_TYPES_H 1
#define HAVE_SYS_STAT_H 1
#define HAVE_STDLIB_H 1
#define HAVE_STRING_H 1
#define HAVE_MEMORY_H 1
#define HAVE_STRINGS_H 1
#define HAVE_INTTYPES_H 1
#define HAVE_STDINT_H 1
#define HAVE_UNISTD_H 1
#define __EXTENSIONS__ 1
#define _ALL_SOURCE 1
#define _GNU_SOURCE 1
#define _POSIX_PTHREAD_SEMANTICS 1
#define _TANDEM_SOURCE 1
#define HAVE_DLFCN_H 1
#define LT_OBJDIR ".libs/"
#define ENABLE_NLS 1
#define HAVE_STRING_H 1
#define HAVE_STRINGS_H 1
#define HAVE_STDLIB_H 1
#define HAVE_LIMITS_H 1
#define STRING_WITH_STRINGS 1
#define HAVE_DECL_BASENAME 1
#define HAVE_DECL_STPCPY 1
#define HAVE_SIGSETJMP 1

configure: exit 0
